INFO - 30/01/2025 06:24:37 p. m.
Mensaje: Inicia Proceso de Exportacion!
Detalles: Exportar archivos

INFO - 30/01/2025 06:24:38 p. m.
Mensaje: == Prueba de conexion BD Exitosa == 
Detalles: Se conecto a SQL de manera correcta

ERROR - 30/01/2025 06:24:38 p. m.
Mensaje: Error limpieza directorio
Detalles: Error al hacer la limpieza del directorio C:\Destino
The process cannot access the file 'C:\Destino\Heineken.Sociedades.csv' because it is being used by another process.

INFO - 30/01/2025 06:24:38 p. m.
Mensaje: Fecha Termino:  30/01/2025 06:24:38 p. m.
Detalles: Proceso Terminado

INFO - 30/01/2025 06:24:49 p. m.
Mensaje: Inicia Proceso de Exportacion!
Detalles: Exportar archivos

INFO - 30/01/2025 06:24:50 p. m.
Mensaje: == Prueba de conexion BD Exitosa == 
Detalles: Se conecto a SQL de manera correcta

INFO - 30/01/2025 06:24:50 p. m.
Mensaje: Limpieza del directorio C:\Destino exitosa
Detalles: 

INFO - 30/01/2025 06:24:50 p. m.
Mensaje:  =========================================== 
Heineken.Sociedades
 =========================================== 
Detalles: Procesando la tabla

INFO - 30/01/2025 06:24:50 p. m.
Mensaje: Exportando tabla
Detalles: Exportacion de Informacion

INFO - 30/01/2025 06:24:50 p. m.
Mensaje: ExportToCSV: Tabla 'Heineken.Sociedades' exportada a csv con 12 filas
Detalles: 

INFO - 30/01/2025 06:24:50 p. m.
Mensaje:  ===========================================
Detalles: 

INFO - 30/01/2025 06:25:00 p. m.
Mensaje: 
Detalles: 

INFO - 30/01/2025 06:25:00 p. m.
Mensaje: 
Detalles: 

INFO - 30/01/2025 06:25:00 p. m.
Mensaje: Fecha Termino:  30/01/2025 06:25:00 p. m.
Detalles: Proceso Terminado

