INFO - 11/02/2025 09:59:20 a. m.
Mensaje: Inicia Proceso de Exportacion!
Detalles: Exportar archivos

INFO - 11/02/2025 09:59:21 a. m.
Mensaje: == Prueba de conexion BD Exitosa == 
Detalles: Se conecto a SQL de manera correcta

INFO - 11/02/2025 09:59:21 a. m.
Mensaje: Limpieza del directorio C:\Destino exitosa
Detalles: 

INFO - 11/02/2025 09:59:21 a. m.
Mensaje:  =========================================== 
Heineken.SalarioNomina
 =========================================== 
Detalles: Procesando la tabla

INFO - 11/02/2025 10:07:00 a. m.
Mensaje: Exportando tabla
Detalles: Exportacion de Informacion

INFO - 11/02/2025 10:07:35 a. m.
Mensaje: ExportToCSV: Tabla 'Heineken.SalarioNomina' exportada a csv con 180339 filas
Detalles: 

INFO - 11/02/2025 10:07:35 a. m.
Mensaje:  ===========================================
Detalles: 

INFO - 11/02/2025 10:07:35 a. m.
Mensaje:  =========================================== 
 Heineken.Empleados
 =========================================== 
Detalles: Procesando la tabla

INFO - 11/02/2025 10:28:44 a. m.
Mensaje: Exportando tabla
Detalles: Exportacion de Informacion

INFO - 11/02/2025 10:30:19 a. m.
Mensaje: ExportToCSV: Tabla 'Heineken.Empleados' exportada a csv con 376578 filas
Detalles: 

INFO - 11/02/2025 10:30:19 a. m.
Mensaje:  ===========================================
Detalles: 

INFO - 11/02/2025 10:30:19 a. m.
Mensaje:  =========================================== 
 Heineken.AreasPersonal
 =========================================== 
Detalles: Procesando la tabla

INFO - 11/02/2025 10:30:19 a. m.
Mensaje: Exportando tabla
Detalles: Exportacion de Informacion

INFO - 11/02/2025 10:31:39 a. m.
Mensaje: ExportToCSV: Tabla 'Heineken.AreasPersonal' exportada a csv con 357 filas
Detalles: 

INFO - 11/02/2025 10:31:39 a. m.
Mensaje:  ===========================================
Detalles: 

INFO - 11/02/2025 10:31:39 a. m.
Mensaje:  =========================================== 
 Heineken.AbsentismosNomina
 =========================================== 
Detalles: Procesando la tabla

INFO - 11/02/2025 10:31:57 a. m.
Mensaje: Exportando tabla
Detalles: Exportacion de Informacion

INFO - 11/02/2025 10:33:22 a. m.
Mensaje: ExportToCSV: Tabla 'Heineken.AbsentismosNomina' exportada a csv con 83825 filas
Detalles: 

INFO - 11/02/2025 10:33:22 a. m.
Mensaje:  ===========================================
Detalles: 

INFO - 11/02/2025 10:33:22 a. m.
Mensaje:  =========================================== 
 Heineken.vw_CatalogoGlobal
 =========================================== 
Detalles: Procesando la tabla

INFO - 11/02/2025 10:33:23 a. m.
Mensaje: Exportando tabla
Detalles: Exportacion de Informacion

INFO - 11/02/2025 10:34:51 a. m.
Mensaje: ExportToCSV: Tabla 'Heineken.vw_CatalogoGlobal' exportada a csv con 925 filas
Detalles: 

INFO - 11/02/2025 10:34:51 a. m.
Mensaje:  ===========================================
Detalles: 

INFO - 11/02/2025 10:34:51 a. m.
Mensaje:  =========================================== 
 Heineken.MovimientosPersonal
 =========================================== 
Detalles: Procesando la tabla

INFO - 11/02/2025 10:37:06 a. m.
Mensaje: Exportando tabla
Detalles: Exportacion de Informacion

INFO - 11/02/2025 10:38:59 a. m.
Mensaje: ExportToCSV: Tabla 'Heineken.MovimientosPersonal' exportada a csv con 484962 filas
Detalles: 

INFO - 11/02/2025 10:38:59 a. m.
Mensaje:  ===========================================
Detalles: 

INFO - 11/02/2025 10:38:59 a. m.
Mensaje:  =========================================== 
 Heineken.IncidenciasPresencias
 =========================================== 
Detalles: Procesando la tabla

INFO - 11/02/2025 10:44:03 a. m.
Mensaje: Exportando tabla
Detalles: Exportacion de Informacion

INFO - 11/02/2025 10:46:39 a. m.
Mensaje: ExportToCSV: Tabla 'Heineken.IncidenciasPresencias' exportada a csv con 938765 filas
Detalles: 

INFO - 11/02/2025 10:46:39 a. m.
Mensaje:  ===========================================
Detalles: 

INFO - 11/02/2025 10:46:39 a. m.
Mensaje:  =========================================== 
 dbo.DatosReales_K
 =========================================== 
Detalles: Procesando la tabla

INFO - 11/02/2025 10:46:43 a. m.
Mensaje: Exportando tabla
Detalles: Exportacion de Informacion

INFO - 11/02/2025 10:48:56 a. m.
Mensaje: ExportToCSV: Tabla 'dbo.DatosReales_K' exportada a csv con 44050 filas
Detalles: 

INFO - 11/02/2025 10:48:56 a. m.
Mensaje:  ===========================================
Detalles: 

INFO - 11/02/2025 10:48:56 a. m.
Mensaje:  =========================================== 
 dbo.DatosMetas_K
 =========================================== 
Detalles: Procesando la tabla

INFO - 11/02/2025 10:48:59 a. m.
Mensaje: Exportando tabla
Detalles: Exportacion de Informacion

INFO - 11/02/2025 10:51:11 a. m.
Mensaje: ExportToCSV: Tabla 'dbo.DatosMetas_K' exportada a csv con 44050 filas
Detalles: 

INFO - 11/02/2025 10:51:11 a. m.
Mensaje:  ===========================================
Detalles: 

INFO - 11/02/2025 10:51:11 a. m.
Mensaje:  =========================================== 
 Heineken.CentrosCosto
 =========================================== 
Detalles: Procesando la tabla

INFO - 11/02/2025 10:51:14 a. m.
Mensaje: Exportando tabla
Detalles: Exportacion de Informacion

INFO - 11/02/2025 10:54:16 a. m.
Mensaje: ExportToCSV: Tabla 'Heineken.CentrosCosto' exportada a csv con 15172 filas
Detalles: 

INFO - 11/02/2025 10:54:16 a. m.
Mensaje:  ===========================================
Detalles: 

INFO - 11/02/2025 10:54:16 a. m.
Mensaje:  =========================================== 
 Heineken.UnidadesOrganizativas
 =========================================== 
Detalles: Procesando la tabla

INFO - 11/02/2025 10:54:16 a. m.
Mensaje: Exportando tabla
Detalles: Exportacion de Informacion

INFO - 11/02/2025 10:56:31 a. m.
Mensaje: ExportToCSV: Tabla 'Heineken.UnidadesOrganizativas' exportada a csv con 5249 filas
Detalles: 

INFO - 11/02/2025 10:56:31 a. m.
Mensaje:  ===========================================
Detalles: 

INFO - 11/02/2025 10:56:31 a. m.
Mensaje:  =========================================== 
 Heineken.Posiciones
 =========================================== 
Detalles: Procesando la tabla

INFO - 11/02/2025 10:56:36 a. m.
Mensaje: Exportando tabla
Detalles: Exportacion de Informacion

INFO - 11/02/2025 10:59:01 a. m.
Mensaje: ExportToCSV: Tabla 'Heineken.Posiciones' exportada a csv con 49503 filas
Detalles: 

INFO - 11/02/2025 10:59:02 a. m.
Mensaje:  ===========================================
Detalles: 

INFO - 11/02/2025 10:59:02 a. m.
Mensaje:  =========================================== 
 Heineken.ClasesMedida
 =========================================== 
Detalles: Procesando la tabla

INFO - 11/02/2025 10:59:02 a. m.
Mensaje: Exportando tabla
Detalles: Exportacion de Informacion

INFO - 11/02/2025 11:01:22 a. m.
Mensaje: ExportToCSV: Tabla 'Heineken.ClasesMedida' exportada a csv con 182 filas
Detalles: 

INFO - 11/02/2025 11:01:22 a. m.
Mensaje:  ===========================================
Detalles: 

INFO - 11/02/2025 11:01:22 a. m.
Mensaje:  =========================================== 
 Heineken.Funciones
 =========================================== 
Detalles: Procesando la tabla

INFO - 11/02/2025 11:01:23 a. m.
Mensaje: Exportando tabla
Detalles: Exportacion de Informacion

INFO - 11/02/2025 11:03:37 a. m.
Mensaje: ExportToCSV: Tabla 'Heineken.Funciones' exportada a csv con 151 filas
Detalles: 

INFO - 11/02/2025 11:03:37 a. m.
Mensaje:  ===========================================
Detalles: 

INFO - 11/02/2025 11:03:37 a. m.
Mensaje:  =========================================== 
 Heineken.MotivosMedida
 =========================================== 
Detalles: Procesando la tabla

INFO - 11/02/2025 11:03:38 a. m.
Mensaje: Exportando tabla
Detalles: Exportacion de Informacion

INFO - 11/02/2025 11:06:02 a. m.
Mensaje: ExportToCSV: Tabla 'Heineken.MotivosMedida' exportada a csv con 235 filas
Detalles: 

INFO - 11/02/2025 11:06:02 a. m.
Mensaje:  ===========================================
Detalles: 

INFO - 11/02/2025 11:06:02 a. m.
Mensaje:  =========================================== 
 Heineken.DivisionesPersonal
 =========================================== 
Detalles: Procesando la tabla

INFO - 11/02/2025 11:06:02 a. m.
Mensaje: Exportando tabla
Detalles: Exportacion de Informacion

INFO - 11/02/2025 11:08:17 a. m.
Mensaje: ExportToCSV: Tabla 'Heineken.DivisionesPersonal' exportada a csv con 12 filas
Detalles: 

INFO - 11/02/2025 11:08:17 a. m.
Mensaje:  ===========================================
Detalles: 

INFO - 11/02/2025 11:08:17 a. m.
Mensaje:  =========================================== 
 Heineken.Sociedades
 =========================================== 
Detalles: Procesando la tabla

INFO - 11/02/2025 11:08:18 a. m.
Mensaje: Exportando tabla
Detalles: Exportacion de Informacion

INFO - 11/02/2025 11:10:28 a. m.
Mensaje: ExportToCSV: Tabla 'Heineken.Sociedades' exportada a csv con 12 filas
Detalles: 

INFO - 11/02/2025 11:10:28 a. m.
Mensaje:  ===========================================
Detalles: 

INFO - 11/02/2025 11:10:28 a. m.
Mensaje:  =========================================== 
 Heineken.SubdivisionesPersonal
 =========================================== 
Detalles: Procesando la tabla

INFO - 11/02/2025 11:10:28 a. m.
Mensaje: Exportando tabla
Detalles: Exportacion de Informacion

INFO - 11/02/2025 11:12:45 a. m.
Mensaje: ExportToCSV: Tabla 'Heineken.SubdivisionesPersonal' exportada a csv con 848 filas
Detalles: 

INFO - 11/02/2025 11:12:45 a. m.
Mensaje:  ===========================================
Detalles: 

INFO - 11/02/2025 11:12:45 a. m.
Mensaje:  =========================================== 
 dbo.DatosReales 
 =========================================== 
Detalles: Procesando la tabla

INFO - 11/02/2025 11:15:26 a. m.
Mensaje: Exportando tabla
Detalles: Exportacion de Informacion

INFO - 11/02/2025 11:17:56 a. m.
Mensaje: ExportToCSV: Tabla 'dbo.DatosReales' exportada a csv con 295502 filas
Detalles: 

INFO - 11/02/2025 11:17:56 a. m.
Mensaje:  ===========================================
Detalles: 

INFO - 11/02/2025 11:17:56 a. m.
Mensaje:  =========================================== 
 dbo.DatosMetas 
 =========================================== 
Detalles: Procesando la tabla

INFO - 11/02/2025 11:22:53 a. m.
Mensaje: Exportando tabla
Detalles: Exportacion de Informacion

INFO - 11/02/2025 11:25:20 a. m.
Mensaje: ExportToCSV: Tabla 'dbo.DatosMetas' exportada a csv con 272640 filas
Detalles: 

INFO - 11/02/2025 11:25:20 a. m.
Mensaje:  ===========================================
Detalles: 

INFO - 11/02/2025 11:25:20 a. m.
Mensaje:  =========================================== 
 dbo.EquiposIntegrantesTrimestral
 =========================================== 
Detalles: Procesando la tabla

INFO - 11/02/2025 11:25:21 a. m.
Mensaje: Exportando tabla
Detalles: Exportacion de Informacion

INFO - 11/02/2025 11:27:47 a. m.
Mensaje: ExportToCSV: Tabla 'dbo.EquiposIntegrantesTrimestral' exportada a csv con 2302 filas
Detalles: 

INFO - 11/02/2025 11:27:47 a. m.
Mensaje:  ===========================================
Detalles: 

INFO - 11/02/2025 11:27:47 a. m.
Mensaje:  =========================================== 
 dbo.ResultadosJefesEmpleadosEquiposMensual
 =========================================== 
Detalles: Procesando la tabla

INFO - 11/02/2025 11:27:48 a. m.
Mensaje: Exportando tabla
Detalles: Exportacion de Informacion

INFO - 11/02/2025 11:30:25 a. m.
Mensaje: ExportToCSV: Tabla 'dbo.ResultadosJefesEmpleadosEquiposMensual' exportada a csv con 2673 filas
Detalles: 

INFO - 11/02/2025 11:30:25 a. m.
Mensaje:  ===========================================
Detalles: 

INFO - 11/02/2025 11:30:25 a. m.
Mensaje:  =========================================== 
 dbo.ResultadosJefesEmpleadosAnual
 =========================================== 
Detalles: Procesando la tabla

INFO - 11/02/2025 11:30:32 a. m.
Mensaje: Exportando tabla
Detalles: Exportacion de Informacion

INFO - 11/02/2025 11:33:08 a. m.
Mensaje: ExportToCSV: Tabla 'dbo.ResultadosJefesEmpleadosAnual' exportada a csv con 3543 filas
Detalles: 

INFO - 11/02/2025 11:33:08 a. m.
Mensaje:  ===========================================
Detalles: 

INFO - 11/02/2025 11:33:08 a. m.
Mensaje:  =========================================== 
 dbo.ResultadosEquiposTrimestral
 =========================================== 
Detalles: Procesando la tabla

INFO - 11/02/2025 11:33:09 a. m.
Mensaje: Exportando tabla
Detalles: Exportacion de Informacion

INFO - 11/02/2025 11:35:37 a. m.
Mensaje: ExportToCSV: Tabla 'dbo.ResultadosEquiposTrimestral' exportada a csv con 1620 filas
Detalles: 

INFO - 11/02/2025 11:35:37 a. m.
Mensaje:  ===========================================
Detalles: 

INFO - 11/02/2025 11:35:37 a. m.
Mensaje:  =========================================== 
 dbo.EquiposIntegrantesMensual
 =========================================== 
Detalles: Procesando la tabla

INFO - 11/02/2025 11:35:37 a. m.
Mensaje: Exportando tabla
Detalles: Exportacion de Informacion

INFO - 11/02/2025 11:38:12 a. m.
Mensaje: ExportToCSV: Tabla 'dbo.EquiposIntegrantesMensual' exportada a csv con 2420 filas
Detalles: 

INFO - 11/02/2025 11:38:12 a. m.
Mensaje:  ===========================================
Detalles: 

INFO - 11/02/2025 11:38:12 a. m.
Mensaje:  =========================================== 
 Heineken.IncidenciasAusentismos
 =========================================== 
Detalles: Procesando la tabla

INFO - 11/02/2025 11:38:17 a. m.
Mensaje: Exportando tabla
Detalles: Exportacion de Informacion

INFO - 11/02/2025 11:40:48 a. m.
Mensaje: ExportToCSV: Tabla 'Heineken.IncidenciasAusentismos' exportada a csv con 83823 filas
Detalles: 

INFO - 11/02/2025 11:40:48 a. m.
Mensaje:  ===========================================
Detalles: 

INFO - 11/02/2025 11:49:58 a. m.
Mensaje: 
Detalles: 

INFO - 11/02/2025 11:49:58 a. m.
Mensaje: 
Detalles: 

INFO - 11/02/2025 11:49:58 a. m.
Mensaje: 
Detalles: 

INFO - 11/02/2025 11:49:58 a. m.
Mensaje: Fecha Termino:  11/02/2025 11:49:58 a. m.
Detalles: Proceso Terminado

