INFO - 15/10/2024 10:25:53 a. m.
Mensaje: Inicia Proceso de Exportacion!
Detalles: Exportar archivos

INFO - 15/10/2024 10:25:53 a. m.
Mensaje: == Prueba de conexion BD Exitosa == 
Detalles: Se conecto a SQL de manera correcta

INFO - 15/10/2024 10:25:53 a. m.
Mensaje:  =========================================== 
DivisionesPersonal
 =========================================== 
Detalles: Procesando la tabla

INFO - 15/10/2024 10:25:53 a. m.
Mensaje: Exportando tabla
Detalles: Exportacion de Informacion

INFO - 15/10/2024 10:25:53 a. m.
Mensaje: ExportToCSV: Tabla 'DivisionesPersonal' exportada a csv con 12 filas
Detalles: 

INFO - 15/10/2024 10:25:53 a. m.
Mensaje:  ===========================================
Detalles: 

INFO - 15/10/2024 10:25:53 a. m.
Mensaje:  =========================================== 
Funciones
 =========================================== 
Detalles: Procesando la tabla

INFO - 15/10/2024 10:25:53 a. m.
Mensaje: Exportando tabla
Detalles: Exportacion de Informacion

INFO - 15/10/2024 10:25:53 a. m.
Mensaje: ExportToCSV: Tabla 'Funciones' exportada a csv con 151 filas
Detalles: 

INFO - 15/10/2024 10:25:53 a. m.
Mensaje:  ===========================================
Detalles: 

INFO - 15/10/2024 10:25:53 a. m.
Mensaje:  =========================================== 
 Empleados
 =========================================== 
Detalles: Procesando la tabla

INFO - 15/10/2024 10:26:01 a. m.
Mensaje: Exportando tabla
Detalles: Exportacion de Informacion

INFO - 15/10/2024 10:26:06 a. m.
Mensaje: ExportToCSV: Tabla 'Empleados' exportada a csv con 145500 filas
Detalles: 

INFO - 15/10/2024 10:26:06 a. m.
Mensaje:  ===========================================
Detalles: 

INFO - 15/10/2024 10:26:06 a. m.
Mensaje: Fecha Termino:  15/10/2024 10:26:06 a. m.
Detalles: Proceso Terminado

