INFO - 14/10/2024 03:39:44 p. m.
Mensaje: Inicia Proceso de Exportacion!
Detalles: Exportar archivos

INFO - 14/10/2024 03:39:45 p. m.
Mensaje: == Prueba de conexion BD Exitosa == 
Detalles: Se conecto a SQL de manera correcta

INFO - 14/10/2024 03:39:45 p. m.
Mensaje:  =========================================== 
DivisionesPersonal
 =========================================== 
Detalles: Procesando la tabla

INFO - 14/10/2024 03:39:45 p. m.
Mensaje: Exportando tabla a Excel
Detalles: Exportacion de Informacion a Excel

INFO - 14/10/2024 03:39:46 p. m.
Mensaje: ExportToExcel: Tabla 'DivisionesPersonal' exportada a Excel con 12 filas
Detalles: 

INFO - 14/10/2024 03:39:46 p. m.
Mensaje:  ===========================================
Detalles: 

INFO - 14/10/2024 03:39:46 p. m.
Mensaje:  =========================================== 
 Funciones
 =========================================== 
Detalles: Procesando la tabla

INFO - 14/10/2024 03:39:47 p. m.
Mensaje: Exportando tabla a Excel
Detalles: Exportacion de Informacion a Excel

INFO - 14/10/2024 03:39:47 p. m.
Mensaje: ExportToExcel: Tabla 'Funciones' exportada a Excel con 151 filas
Detalles: 

INFO - 14/10/2024 03:39:47 p. m.
Mensaje:  ===========================================
Detalles: 

INFO - 14/10/2024 03:39:47 p. m.
Mensaje: Fecha Termino:  14/10/2024 03:39:47 p. m.
Detalles: Proceso Terminado

INFO - 14/10/2024 03:43:52 p. m.
Mensaje: Inicia Proceso de Exportacion!
Detalles: Exportar archivos

INFO - 14/10/2024 03:43:52 p. m.
Mensaje: == Prueba de conexion BD Exitosa == 
Detalles: Se conecto a SQL de manera correcta

INFO - 14/10/2024 03:43:52 p. m.
Mensaje:  =========================================== 
DivisionesPersonal
 =========================================== 
Detalles: Procesando la tabla

INFO - 14/10/2024 03:43:52 p. m.
Mensaje: Exportando tabla a Excel
Detalles: Exportacion de Informacion a Excel

INFO - 14/10/2024 03:43:52 p. m.
Mensaje: ExportToExcel: Tabla 'DivisionesPersonal' exportada a Excel con 12 filas
Detalles: 

INFO - 14/10/2024 03:43:52 p. m.
Mensaje:  ===========================================
Detalles: 

INFO - 14/10/2024 03:43:52 p. m.
Mensaje:  =========================================== 
 Funciones
 =========================================== 
Detalles: Procesando la tabla

INFO - 14/10/2024 03:43:52 p. m.
Mensaje: Exportando tabla a Excel
Detalles: Exportacion de Informacion a Excel

INFO - 14/10/2024 03:43:52 p. m.
Mensaje: ExportToExcel: Tabla 'Funciones' exportada a Excel con 151 filas
Detalles: 

INFO - 14/10/2024 03:43:52 p. m.
Mensaje:  ===========================================
Detalles: 

INFO - 14/10/2024 03:43:52 p. m.
Mensaje: Fecha Termino:  14/10/2024 03:43:52 p. m.
Detalles: Proceso Terminado

