INFO - 31/01/2025 12:14:03 p. m.
Mensaje: Inicia Proceso de Exportacion!
Detalles: Exportar archivos

INFO - 31/01/2025 12:14:04 p. m.
Mensaje: == Prueba de conexion BD Exitosa == 
Detalles: Se conecto a SQL de manera correcta

INFO - 31/01/2025 12:14:04 p. m.
Mensaje: Limpieza del directorio C:\Destino exitosa
Detalles: 

INFO - 31/01/2025 12:14:04 p. m.
Mensaje:  =========================================== 
Heineken.SalarioNomina
 =========================================== 
Detalles: Procesando la tabla

INFO - 31/01/2025 12:14:04 p. m.
Mensaje: Las tabla contiene: 180339 filas.  Excede el limite permitido :1550000. Se filtrara información.
Detalles: Exceso de información a exportar

INFO - 31/01/2025 12:18:20 p. m.
Mensaje: Exportando tabla
Detalles: Exportacion de Informacion

INFO - 31/01/2025 12:18:25 p. m.
Mensaje: ExportToCSV: Tabla 'Heineken.SalarioNomina' exportada a csv con 180339 filas
Detalles: 

INFO - 31/01/2025 12:18:25 p. m.
Mensaje:  ===========================================
Detalles: 

INFO - 31/01/2025 12:18:28 p. m.
Mensaje: 
Detalles: 

INFO - 31/01/2025 12:18:28 p. m.
Mensaje: Fecha Termino:  31/01/2025 12:18:28 p. m.
Detalles: Proceso Terminado

