INFO - 31/01/2025 09:47:48 p. m.
Mensaje: Inicia Proceso de Exportacion!
Detalles: Exportar archivos

INFO - 31/01/2025 09:47:49 p. m.
Mensaje: == Prueba de conexion BD Exitosa == 
Detalles: Se conecto a SQL de manera correcta

INFO - 31/01/2025 09:47:49 p. m.
Mensaje: Limpieza del directorio C:\Destino exitosa
Detalles: 

INFO - 31/01/2025 09:47:49 p. m.
Mensaje:  =========================================== 
Heineken.SalarioNomina
 =========================================== 
Detalles: Procesando la tabla

INFO - 31/01/2025 09:52:23 p. m.
Mensaje: Exportando tabla
Detalles: Exportacion de Informacion

INFO - 31/01/2025 09:52:57 p. m.
Mensaje: ExportToCSV: Tabla 'Heineken.SalarioNomina' exportada a csv con 180339 filas
Detalles: 

INFO - 31/01/2025 09:52:57 p. m.
Mensaje:  ===========================================
Detalles: 

INFO - 31/01/2025 09:52:58 p. m.
Mensaje:  =========================================== 
 Heineken.Posiciones
 =========================================== 
Detalles: Procesando la tabla

INFO - 31/01/2025 09:52:59 p. m.
Mensaje: Exportando tabla
Detalles: Exportacion de Informacion

INFO - 31/01/2025 09:53:30 p. m.
Mensaje: ExportToCSV: Tabla 'Heineken.Posiciones' exportada a csv con 49503 filas
Detalles: 

INFO - 31/01/2025 09:53:30 p. m.
Mensaje:  ===========================================
Detalles: 

INFO - 31/01/2025 09:53:30 p. m.
Mensaje:  =========================================== 
 Heineken.CentrosCosto
 =========================================== 
Detalles: Procesando la tabla

INFO - 31/01/2025 09:53:31 p. m.
Mensaje: Exportando tabla
Detalles: Exportacion de Informacion

INFO - 31/01/2025 09:54:03 p. m.
Mensaje: ExportToCSV: Tabla 'Heineken.CentrosCosto' exportada a csv con 15172 filas
Detalles: 

INFO - 31/01/2025 09:54:03 p. m.
Mensaje:  ===========================================
Detalles: 

INFO - 31/01/2025 09:59:49 p. m.
Mensaje: 
Detalles: 

INFO - 31/01/2025 09:59:49 p. m.
Mensaje: 
Detalles: 

INFO - 31/01/2025 09:59:49 p. m.
Mensaje: 
Detalles: 

INFO - 31/01/2025 09:59:49 p. m.
Mensaje: Fecha Termino:  31/01/2025 09:59:49 p. m.
Detalles: Proceso Terminado

