INFO - 15/10/2024 04:53:52 p. m.
Mensaje: Inicia Proceso de Exportacion!
Detalles: Exportar archivos

INFO - 15/10/2024 04:53:54 p. m.
Mensaje: == Prueba de conexion BD Exitosa == 
Detalles: Se conecto a SQL de manera correcta

INFO - 15/10/2024 04:53:54 p. m.
Mensaje: Limpieza del directorio C:\Destino exitosa
Detalles: 

INFO - 15/10/2024 04:53:54 p. m.
Mensaje:  =========================================== 
DivisionesPersonal
 =========================================== 
Detalles: Procesando la tabla

INFO - 15/10/2024 04:53:54 p. m.
Mensaje: Exportando tabla
Detalles: Exportacion de Informacion

INFO - 15/10/2024 04:53:54 p. m.
Mensaje: ExportToCSV: Tabla 'DivisionesPersonal' exportada a csv con 12 filas
Detalles: 

INFO - 15/10/2024 04:53:54 p. m.
Mensaje:  ===========================================
Detalles: 

INFO - 15/10/2024 04:53:54 p. m.
Mensaje:  =========================================== 
Funciones
 =========================================== 
Detalles: Procesando la tabla

INFO - 15/10/2024 04:53:54 p. m.
Mensaje: Exportando tabla
Detalles: Exportacion de Informacion

INFO - 15/10/2024 04:53:54 p. m.
Mensaje: ExportToCSV: Tabla 'Funciones' exportada a csv con 151 filas
Detalles: 

INFO - 15/10/2024 04:53:54 p. m.
Mensaje:  ===========================================
Detalles: 

INFO - 15/10/2024 04:53:54 p. m.
Mensaje:  =========================================== 
 Empleados
 =========================================== 
Detalles: Procesando la tabla

INFO - 15/10/2024 04:54:08 p. m.
Mensaje: Exportando tabla
Detalles: Exportacion de Informacion

INFO - 15/10/2024 04:54:16 p. m.
Mensaje: ExportToCSV: Tabla 'Empleados' exportada a csv con 145500 filas
Detalles: 

INFO - 15/10/2024 04:54:16 p. m.
Mensaje:  ===========================================
Detalles: 

INFO - 15/10/2024 04:55:36 p. m.
Mensaje: ExportToSFTP: El archivo 'C:\Destino\Funciones.csv' fue exportado al SFTP
Detalles: 

INFO - 15/10/2024 04:55:36 p. m.
Mensaje: Fecha Termino:  15/10/2024 04:55:36 p. m.
Detalles: Proceso Terminado

INFO - 15/10/2024 04:57:02 p. m.
Mensaje: Inicia Proceso de Exportacion!
Detalles: Exportar archivos

INFO - 15/10/2024 04:57:02 p. m.
Mensaje: == Prueba de conexion BD Exitosa == 
Detalles: Se conecto a SQL de manera correcta

INFO - 15/10/2024 04:57:02 p. m.
Mensaje: Limpieza del directorio C:\Destino exitosa
Detalles: 

INFO - 15/10/2024 04:57:02 p. m.
Mensaje:  =========================================== 
DivisionesPersonal
 =========================================== 
Detalles: Procesando la tabla

INFO - 15/10/2024 04:57:02 p. m.
Mensaje: Exportando tabla
Detalles: Exportacion de Informacion

INFO - 15/10/2024 04:57:02 p. m.
Mensaje: ExportToCSV: Tabla 'DivisionesPersonal' exportada a csv con 12 filas
Detalles: 

INFO - 15/10/2024 04:57:02 p. m.
Mensaje:  ===========================================
Detalles: 

INFO - 15/10/2024 04:57:02 p. m.
Mensaje:  =========================================== 
Funciones
 =========================================== 
Detalles: Procesando la tabla

INFO - 15/10/2024 04:57:02 p. m.
Mensaje: Exportando tabla
Detalles: Exportacion de Informacion

INFO - 15/10/2024 04:57:02 p. m.
Mensaje: ExportToCSV: Tabla 'Funciones' exportada a csv con 151 filas
Detalles: 

INFO - 15/10/2024 04:57:02 p. m.
Mensaje:  ===========================================
Detalles: 

INFO - 15/10/2024 04:57:02 p. m.
Mensaje:  =========================================== 
 Empleados
 =========================================== 
Detalles: Procesando la tabla

ERROR - 15/10/2024 04:57:33 p. m.
Mensaje: Timeout expired.  The timeout period elapsed prior to completion of the operation or the server is not responding.
Detalles: Error al consultar la tabla

INFO - 15/10/2024 04:57:33 p. m.
Mensaje:  ===========================================
Detalles: 

INFO - 15/10/2024 04:57:43 p. m.
Mensaje: ExportToSFTP: El archivo 'C:\Destino\Funciones.csv' fue exportado al SFTP
Detalles: 

INFO - 15/10/2024 04:57:43 p. m.
Mensaje: Fecha Termino:  15/10/2024 04:57:43 p. m.
Detalles: Proceso Terminado

