INFO - 05/02/2025 02:11:37 p. m.
Mensaje: Inicia Proceso de Exportacion!
Detalles: Exportar archivos

INFO - 05/02/2025 02:11:37 p. m.
Mensaje: == Prueba de conexion BD Exitosa == 
Detalles: Se conecto a SQL de manera correcta

INFO - 05/02/2025 02:11:37 p. m.
Mensaje: Limpieza del directorio C:\Destino exitosa
Detalles: 

INFO - 05/02/2025 02:11:37 p. m.
Mensaje:  =========================================== 
Heineken.UnidadesOrganizativas
 =========================================== 
Detalles: Procesando la tabla

INFO - 05/02/2025 02:11:38 p. m.
Mensaje: Exportando tabla
Detalles: Exportacion de Informacion

INFO - 05/02/2025 02:11:39 p. m.
Mensaje: ExportToCSV: Tabla 'Heineken.UnidadesOrganizativas' exportada a csv con 5249 filas
Detalles: 

INFO - 05/02/2025 02:11:39 p. m.
Mensaje:  ===========================================
Detalles: 

INFO - 05/02/2025 02:11:44 p. m.
Mensaje: 
Detalles: 

INFO - 05/02/2025 02:11:44 p. m.
Mensaje: Fecha Termino:  05/02/2025 02:11:44 p. m.
Detalles: Proceso Terminado

