INFO - 13/02/2025 04:58:14 p. m.
Mensaje: Inicia Proceso de Exportacion!
Detalles: Exportar Data

INFO - 13/02/2025 04:58:30 p. m.
Mensaje: 
Detalles: 

INFO - 13/02/2025 04:58:30 p. m.
Mensaje: 
Detalles: 

INFO - 13/02/2025 04:58:30 p. m.
Mensaje: 
Detalles: 

INFO - 13/02/2025 04:58:58 p. m.
Mensaje: Inicia Proceso de Exportacion!
Detalles: Exportar Data

INFO - 13/02/2025 04:59:13 p. m.
Mensaje: 
Detalles: 

INFO - 13/02/2025 04:59:13 p. m.
Mensaje: 
Detalles: 

INFO - 13/02/2025 04:59:14 p. m.
Mensaje: 
Detalles: 

