INFO - 31/01/2025 07:36:15 p. m.
Mensaje: Inicia Proceso de Exportacion!
Detalles: Exportar archivos

INFO - 31/01/2025 07:36:16 p. m.
Mensaje: == Prueba de conexion BD Exitosa == 
Detalles: Se conecto a SQL de manera correcta

INFO - 31/01/2025 07:36:16 p. m.
Mensaje: Limpieza del directorio C:\Destino exitosa
Detalles: 

INFO - 31/01/2025 07:36:16 p. m.
Mensaje:  =========================================== 
Heineken.SalarioNomina
 =========================================== 
Detalles: Procesando la tabla

INFO - 31/01/2025 08:04:26 p. m.
Mensaje: Exportando tabla
Detalles: Exportacion de Informacion

INFO - 31/01/2025 08:04:30 p. m.
Mensaje: ExportToCSV: Tabla 'Heineken.SalarioNomina' exportada a csv con 180339 filas
Detalles: 

INFO - 31/01/2025 08:04:30 p. m.
Mensaje:  ===========================================
Detalles: 

INFO - 31/01/2025 08:04:30 p. m.
Mensaje:  =========================================== 
 Heineken.Posiciones
 =========================================== 
Detalles: Procesando la tabla

INFO - 31/01/2025 08:04:36 p. m.
Mensaje: Exportando tabla
Detalles: Exportacion de Informacion

INFO - 31/01/2025 08:04:38 p. m.
Mensaje: ExportToCSV: Tabla 'Heineken.Posiciones' exportada a csv con 49503 filas
Detalles: 

INFO - 31/01/2025 08:04:38 p. m.
Mensaje:  ===========================================
Detalles: 

INFO - 31/01/2025 08:04:38 p. m.
Mensaje:  =========================================== 
 Heineken.CentrosCosto
 =========================================== 
Detalles: Procesando la tabla

INFO - 31/01/2025 08:04:39 p. m.
Mensaje: Exportando tabla
Detalles: Exportacion de Informacion

INFO - 31/01/2025 08:04:41 p. m.
Mensaje: ExportToCSV: Tabla 'Heineken.CentrosCosto' exportada a csv con 15172 filas
Detalles: 

INFO - 31/01/2025 08:04:41 p. m.
Mensaje:  ===========================================
Detalles: 

INFO - 31/01/2025 08:09:22 p. m.
Mensaje: 
Detalles: 

INFO - 31/01/2025 08:09:22 p. m.
Mensaje: 
Detalles: 

INFO - 31/01/2025 08:09:22 p. m.
Mensaje: 
Detalles: 

INFO - 31/01/2025 08:09:22 p. m.
Mensaje: Fecha Termino:  31/01/2025 08:09:22 p. m.
Detalles: Proceso Terminado

