INFO - 05/02/2025 11:20:39 a. m.
Mensaje: Inicia Proceso de Exportacion!
Detalles: Exportar archivos

INFO - 05/02/2025 11:20:39 a. m.
Mensaje: == Prueba de conexion BD Exitosa == 
Detalles: Se conecto a SQL de manera correcta

INFO - 05/02/2025 11:20:39 a. m.
Mensaje: Limpieza del directorio C:\Destino exitosa
Detalles: 

INFO - 05/02/2025 11:20:39 a. m.
Mensaje:  =========================================== 
Heineken.UnidadesOrganizativas
 =========================================== 
Detalles: Procesando la tabla

INFO - 05/02/2025 11:20:40 a. m.
Mensaje: Exportando tabla
Detalles: Exportacion de Informacion

INFO - 05/02/2025 11:20:41 a. m.
Mensaje: ExportToCSV: Tabla 'Heineken.UnidadesOrganizativas' exportada a csv con 5249 filas
Detalles: 

INFO - 05/02/2025 11:20:41 a. m.
Mensaje:  ===========================================
Detalles: 

