INFO - 22/01/2025 11:23:07 a. m.
Mensaje: Inicia Proceso de Exportacion!
Detalles: Exportar archivos

INFO - 22/01/2025 11:23:08 a. m.
Mensaje: == Prueba de conexion BD Exitosa == 
Detalles: Se conecto a SQL de manera correcta

INFO - 22/01/2025 11:23:08 a. m.
Mensaje: Limpieza del directorio C:\Destino exitosa
Detalles: 

INFO - 22/01/2025 11:23:08 a. m.
Mensaje:  =========================================== 
Heineken.SalarioNomina
 =========================================== 
Detalles: Procesando la tabla

INFO - 22/01/2025 11:23:08 a. m.
Mensaje: Las tabla contiene: 180339 filas.  Excede el limite permitido :150000. Se filtrara información.
Detalles: Exceso de información a exportar

INFO - 22/01/2025 11:24:51 a. m.
Mensaje: Exportando tabla
Detalles: Exportacion de Informacion

INFO - 22/01/2025 11:24:54 a. m.
Mensaje: ExportToCSV: Tabla 'Heineken.SalarioNomina' exportada a csv con 124623 filas
Detalles: 

INFO - 22/01/2025 11:24:54 a. m.
Mensaje:  ===========================================
Detalles: 

INFO - 22/01/2025 11:24:54 a. m.
Mensaje:  =========================================== 
 Heineken.Empleados
 =========================================== 
Detalles: Procesando la tabla

INFO - 22/01/2025 11:24:55 a. m.
Mensaje: Las tabla contiene: 376578 filas.  Excede el limite permitido :150000. Se filtrara información.
Detalles: Exceso de información a exportar

INFO - 22/01/2025 11:27:11 a. m.
Mensaje: Las tabla contiene: 306491 filas.  Excede el limite permitido :150000. Se excluira la tabla del proceso.
Detalles: Exceso de información a exportar

INFO - 22/01/2025 11:27:11 a. m.
Mensaje:  ===========================================
Detalles: 

INFO - 22/01/2025 11:27:11 a. m.
Mensaje:  =========================================== 
 Heineken.MovimientosPersonal
 =========================================== 
Detalles: Procesando la tabla

INFO - 22/01/2025 11:27:11 a. m.
Mensaje: Las tabla contiene: 484962 filas.  Excede el limite permitido :150000. Se filtrara información.
Detalles: Exceso de información a exportar

INFO - 22/01/2025 11:27:40 a. m.
Mensaje: Las tabla contiene: 355105 filas.  Excede el limite permitido :150000. Se excluira la tabla del proceso.
Detalles: Exceso de información a exportar

INFO - 22/01/2025 11:27:40 a. m.
Mensaje:  ===========================================
Detalles: 

INFO - 22/01/2025 11:27:40 a. m.
Mensaje:  =========================================== 
 Heineken.IncidenciasPresencias
 =========================================== 
Detalles: Procesando la tabla

INFO - 22/01/2025 11:27:40 a. m.
Mensaje: Las tabla contiene: 938765 filas.  Excede el limite permitido :150000. Se filtrara información.
Detalles: Exceso de información a exportar

INFO - 22/01/2025 11:29:33 a. m.
Mensaje: Las tabla contiene: 938762 filas.  Excede el limite permitido :150000. Se excluira la tabla del proceso.
Detalles: Exceso de información a exportar

INFO - 22/01/2025 11:29:33 a. m.
Mensaje:  ===========================================
Detalles: 

INFO - 22/01/2025 11:30:50 a. m.
Mensaje: 
Detalles: 

INFO - 22/01/2025 11:30:50 a. m.
Mensaje: Fecha Termino:  22/01/2025 11:30:50 a. m.
Detalles: Proceso Terminado

