INFO - 31/01/2025 12:01:40 p. m.
Mensaje: Inicia Proceso de Exportacion!
Detalles: Exportar archivos

INFO - 31/01/2025 12:01:41 p. m.
Mensaje: == Prueba de conexion BD Exitosa == 
Detalles: Se conecto a SQL de manera correcta

INFO - 31/01/2025 12:01:41 p. m.
Mensaje: Limpieza del directorio C:\Destino exitosa
Detalles: 

INFO - 31/01/2025 12:01:41 p. m.
Mensaje:  =========================================== 
Heineken.SalarioNomina
 =========================================== 
Detalles: Procesando la tabla

INFO - 31/01/2025 12:02:47 p. m.
Mensaje: Exportando tabla
Detalles: Exportacion de Informacion

INFO - 31/01/2025 12:03:22 p. m.
Mensaje: ExportToCSV: Tabla 'Heineken.SalarioNomina' exportada a csv con 180339 filas
Detalles: 

INFO - 31/01/2025 12:03:22 p. m.
Mensaje:  ===========================================
Detalles: 

INFO - 31/01/2025 12:03:26 p. m.
Mensaje: 
Detalles: 

INFO - 31/01/2025 12:03:26 p. m.
Mensaje: Fecha Termino:  31/01/2025 12:03:26 p. m.
Detalles: Proceso Terminado

