INFO - 11/02/2025 12:04:20 p. m.
Mensaje: Inicia Proceso de Exportacion!
Detalles: Exportar archivos

INFO - 11/02/2025 12:04:21 p. m.
Mensaje: == Prueba de conexion BD Exitosa == 
Detalles: Se conecto a SQL de manera correcta

INFO - 11/02/2025 12:04:21 p. m.
Mensaje: Limpieza del directorio C:\Destino exitosa
Detalles: 

INFO - 11/02/2025 12:04:21 p. m.
Mensaje:  =========================================== 
Heineken.UnidadesOrganizativas
 =========================================== 
Detalles: Procesando la tabla

INFO - 11/02/2025 12:04:24 p. m.
Mensaje: Exportando tabla
Detalles: Exportacion de Informacion

INFO - 11/02/2025 12:04:25 p. m.
Mensaje: ExportToCSV: Tabla 'Heineken.UnidadesOrganizativas' exportada a csv con 5249 filas
Detalles: 

INFO - 11/02/2025 12:04:25 p. m.
Mensaje:  ===========================================
Detalles: 

INFO - 11/02/2025 12:04:30 p. m.
Mensaje: 
Detalles: 

INFO - 11/02/2025 12:04:30 p. m.
Mensaje: Fecha Termino:  11/02/2025 12:04:30 p. m.
Detalles: Proceso Terminado

