INFO - 22/01/2025 03:22:09 p. m.
Mensaje: Inicia Proceso de Exportacion!
Detalles: Exportar archivos

INFO - 22/01/2025 03:22:10 p. m.
Mensaje: == Prueba de conexion BD Exitosa == 
Detalles: Se conecto a SQL de manera correcta

INFO - 22/01/2025 03:22:10 p. m.
Mensaje: Limpieza del directorio C:\Destino exitosa
Detalles: 

INFO - 22/01/2025 03:22:10 p. m.
Mensaje:  =========================================== 
Heineken.IncidenciasPresencias
 =========================================== 
Detalles: Procesando la tabla

INFO - 22/01/2025 03:22:10 p. m.
Mensaje: Las tabla contiene: 938765 filas.  Excede el limite permitido :550000. Se filtrara información.
Detalles: Exceso de información a exportar

INFO - 22/01/2025 03:48:43 p. m.
Mensaje: Las tabla contiene: 938762 filas.  Excede el limite permitido :550000. Se excluira la tabla del proceso.
Detalles: Exceso de información a exportar

INFO - 22/01/2025 03:48:43 p. m.
Mensaje:  ===========================================
Detalles: 

INFO - 22/01/2025 03:48:43 p. m.
Mensaje: Proceso exitoso!
Detalles: 

INFO - 22/01/2025 03:48:43 p. m.
Mensaje: Fecha Termino:  22/01/2025 03:48:43 p. m.
Detalles: Proceso Terminado

