INFO - 30/01/2025 04:25:06 p. m.
Mensaje: Inicia Proceso de Exportacion!
Detalles: Exportar archivos

INFO - 30/01/2025 04:25:07 p. m.
Mensaje: == Prueba de conexion BD Exitosa == 
Detalles: Se conecto a SQL de manera correcta

INFO - 30/01/2025 04:25:07 p. m.
Mensaje: Limpieza del directorio C:\Destino exitosa
Detalles: 

INFO - 30/01/2025 04:25:07 p. m.
Mensaje:  =========================================== 
Heineken.SalarioNomina
 =========================================== 
Detalles: Procesando la tabla

INFO - 30/01/2025 04:26:51 p. m.
Mensaje: Exportando tabla
Detalles: Exportacion de Informacion

INFO - 30/01/2025 04:27:29 p. m.
Mensaje: ExportToCSV: Tabla 'Heineken.SalarioNomina' exportada a csv con 180339 filas
Detalles: 

INFO - 30/01/2025 04:27:29 p. m.
Mensaje:  ===========================================
Detalles: 

INFO - 30/01/2025 04:27:29 p. m.
Mensaje:  =========================================== 
 Heineken.Empleados
 =========================================== 
Detalles: Procesando la tabla

INFO - 30/01/2025 04:32:09 p. m.
Mensaje: Exportando tabla
Detalles: Exportacion de Informacion

INFO - 30/01/2025 04:33:46 p. m.
Mensaje: ExportToCSV: Tabla 'Heineken.Empleados' exportada a csv con 376578 filas
Detalles: 

INFO - 30/01/2025 04:33:46 p. m.
Mensaje:  ===========================================
Detalles: 

INFO - 30/01/2025 04:33:46 p. m.
Mensaje:  =========================================== 
 Heineken.AreasPersonal
 =========================================== 
Detalles: Procesando la tabla

INFO - 30/01/2025 04:33:46 p. m.
Mensaje: Exportando tabla
Detalles: Exportacion de Informacion

INFO - 30/01/2025 04:33:46 p. m.
Mensaje: ExportToCSV: Error - La tabla 'Heineken.AreasPersonal'.
The process cannot access the file 'C:\Destino\Heineken.Empleados.csv' because it is being used by another process.
Detalles:    at Microsoft.Win32.SafeHandles.SafeFileHandle.CreateFile(String fullPath, FileMode mode, FileAccess access, FileShare share, FileOptions options)
   at Microsoft.Win32.SafeHandles.SafeFileHandle.Open(String fullPath, FileMode mode, FileAccess access, FileShare share, FileOptions options, Int64 preallocationSize, Nullable`1 unixCreateMode)
   at System.IO.Strategies.OSFileStreamStrategy..ctor(String path, FileMode mode, FileAccess access, FileShare share, FileOptions options, Int64 preallocationSize, Nullable`1 unixCreateMode)
   at System.IO.Strategies.FileStreamHelpers.ChooseStrategyCore(String path, FileMode mode, FileAccess access, FileShare share, FileOptions options, Int64 preallocationSize, Nullable`1 unixCreateMode)
   at System.IO.StreamReader.ValidateArgsAndOpenPath(String path, Encoding encoding, Int32 bufferSize)
   at System.IO.StreamReader..ctor(String path)
   at ModelosExportacion.Funciones.ExportCSV(DataTable tabla, String NombreTabla, String RutaDestino) in C:\Users\PARAMF01\Desktop\Migracion\Exportacion-SQL-SFTP-main\ModelosExportacion\Funciones.cs:line 259

INFO - 30/01/2025 04:33:46 p. m.
Mensaje:  ===========================================
Detalles: 

INFO - 30/01/2025 04:33:46 p. m.
Mensaje:  =========================================== 
 Heineken.AbsentismosNomina
 =========================================== 
Detalles: Procesando la tabla

INFO - 30/01/2025 04:33:52 p. m.
Mensaje: Exportando tabla
Detalles: Exportacion de Informacion

INFO - 30/01/2025 04:35:18 p. m.
Mensaje: ExportToCSV: Tabla 'Heineken.AbsentismosNomina' exportada a csv con 83825 filas
Detalles: 

INFO - 30/01/2025 04:35:18 p. m.
Mensaje:  ===========================================
Detalles: 

INFO - 30/01/2025 04:35:18 p. m.
Mensaje:  =========================================== 
 Heineken.vw_CatalogoGlobal
 =========================================== 
Detalles: Procesando la tabla

INFO - 30/01/2025 04:35:18 p. m.
Mensaje: Exportando tabla
Detalles: Exportacion de Informacion

INFO - 30/01/2025 04:36:42 p. m.
Mensaje: ExportToCSV: Tabla 'Heineken.vw_CatalogoGlobal' exportada a csv con 925 filas
Detalles: 

INFO - 30/01/2025 04:36:42 p. m.
Mensaje:  ===========================================
Detalles: 

INFO - 30/01/2025 04:36:42 p. m.
Mensaje:  =========================================== 
 Heineken.MovimientosPersonal
 =========================================== 
Detalles: Procesando la tabla

INFO - 30/01/2025 04:37:26 p. m.
Mensaje: Exportando tabla
Detalles: Exportacion de Informacion

INFO - 30/01/2025 04:39:20 p. m.
Mensaje: ExportToCSV: Tabla 'Heineken.MovimientosPersonal' exportada a csv con 484962 filas
Detalles: 

INFO - 30/01/2025 04:39:20 p. m.
Mensaje:  ===========================================
Detalles: 

INFO - 30/01/2025 04:39:20 p. m.
Mensaje:  =========================================== 
 Heineken.IncidenciasPresencias
 =========================================== 
Detalles: Procesando la tabla

INFO - 30/01/2025 04:40:46 p. m.
Mensaje: Exportando tabla
Detalles: Exportacion de Informacion

INFO - 30/01/2025 04:43:43 p. m.
Mensaje: ExportToCSV: Tabla 'Heineken.IncidenciasPresencias' exportada a csv con 938765 filas
Detalles: 

INFO - 30/01/2025 04:43:43 p. m.
Mensaje:  ===========================================
Detalles: 

INFO - 30/01/2025 04:43:43 p. m.
Mensaje:  =========================================== 
 dbo.DatosReales_K
 =========================================== 
Detalles: Procesando la tabla

INFO - 30/01/2025 04:43:43 p. m.
Mensaje: Exportando tabla
Detalles: Exportacion de Informacion

INFO - 30/01/2025 04:46:14 p. m.
Mensaje: ExportToCSV: Tabla 'dbo.DatosReales_K' exportada a csv con 44050 filas
Detalles: 

INFO - 30/01/2025 04:46:14 p. m.
Mensaje:  ===========================================
Detalles: 

INFO - 30/01/2025 04:46:14 p. m.
Mensaje:  =========================================== 
 dbo.DatosMetas_K
 =========================================== 
Detalles: Procesando la tabla

INFO - 30/01/2025 04:46:16 p. m.
Mensaje: Exportando tabla
Detalles: Exportacion de Informacion

INFO - 30/01/2025 04:48:48 p. m.
Mensaje: ExportToCSV: Tabla 'dbo.DatosMetas_K' exportada a csv con 44050 filas
Detalles: 

INFO - 30/01/2025 04:48:48 p. m.
Mensaje:  ===========================================
Detalles: 

INFO - 30/01/2025 04:48:48 p. m.
Mensaje:  =========================================== 
 Heineken.CentrosCosto
 =========================================== 
Detalles: Procesando la tabla

INFO - 30/01/2025 04:48:50 p. m.
Mensaje: Exportando tabla
Detalles: Exportacion de Informacion

INFO - 30/01/2025 04:51:22 p. m.
Mensaje: ExportToCSV: Tabla 'Heineken.CentrosCosto' exportada a csv con 15172 filas
Detalles: 

INFO - 30/01/2025 04:51:22 p. m.
Mensaje:  ===========================================
Detalles: 

INFO - 30/01/2025 04:51:22 p. m.
Mensaje:  =========================================== 
 Heineken.UnidadesOrganizativas
 =========================================== 
Detalles: Procesando la tabla

INFO - 30/01/2025 04:51:22 p. m.
Mensaje: Exportando tabla
Detalles: Exportacion de Informacion

INFO - 30/01/2025 04:53:53 p. m.
Mensaje: ExportToCSV: Tabla 'Heineken.UnidadesOrganizativas' exportada a csv con 5249 filas
Detalles: 

INFO - 30/01/2025 04:53:53 p. m.
Mensaje:  ===========================================
Detalles: 

INFO - 30/01/2025 04:53:53 p. m.
Mensaje:  =========================================== 
 Heineken.Posiciones
 =========================================== 
Detalles: Procesando la tabla

INFO - 30/01/2025 04:53:55 p. m.
Mensaje: Exportando tabla
Detalles: Exportacion de Informacion

INFO - 30/01/2025 04:56:29 p. m.
Mensaje: ExportToCSV: Tabla 'Heineken.Posiciones' exportada a csv con 49503 filas
Detalles: 

INFO - 30/01/2025 04:56:29 p. m.
Mensaje:  ===========================================
Detalles: 

INFO - 30/01/2025 04:56:30 p. m.
Mensaje:  =========================================== 
 Heineken.ClasesMedida
 =========================================== 
Detalles: Procesando la tabla

INFO - 30/01/2025 04:56:30 p. m.
Mensaje: Exportando tabla
Detalles: Exportacion de Informacion

INFO - 30/01/2025 04:59:04 p. m.
Mensaje: ExportToCSV: Tabla 'Heineken.ClasesMedida' exportada a csv con 182 filas
Detalles: 

INFO - 30/01/2025 04:59:04 p. m.
Mensaje:  ===========================================
Detalles: 

INFO - 30/01/2025 04:59:04 p. m.
Mensaje:  =========================================== 
 Heineken.Funciones
 =========================================== 
Detalles: Procesando la tabla

INFO - 30/01/2025 04:59:05 p. m.
Mensaje: Exportando tabla
Detalles: Exportacion de Informacion

INFO - 30/01/2025 05:01:27 p. m.
Mensaje: ExportToCSV: Tabla 'Heineken.Funciones' exportada a csv con 151 filas
Detalles: 

INFO - 30/01/2025 05:01:27 p. m.
Mensaje:  ===========================================
Detalles: 

INFO - 30/01/2025 05:01:27 p. m.
Mensaje:  =========================================== 
 Heineken.MotivosMedida
 =========================================== 
Detalles: Procesando la tabla

INFO - 30/01/2025 05:01:27 p. m.
Mensaje: Exportando tabla
Detalles: Exportacion de Informacion

INFO - 30/01/2025 05:03:45 p. m.
Mensaje: ExportToCSV: Tabla 'Heineken.MotivosMedida' exportada a csv con 235 filas
Detalles: 

INFO - 30/01/2025 05:03:45 p. m.
Mensaje:  ===========================================
Detalles: 

INFO - 30/01/2025 05:03:45 p. m.
Mensaje:  =========================================== 
 Heineken.DivisionesPersonal
 =========================================== 
Detalles: Procesando la tabla

INFO - 30/01/2025 05:03:45 p. m.
Mensaje: Exportando tabla
Detalles: Exportacion de Informacion

INFO - 30/01/2025 05:06:01 p. m.
Mensaje: ExportToCSV: Tabla 'Heineken.DivisionesPersonal' exportada a csv con 12 filas
Detalles: 

INFO - 30/01/2025 05:06:01 p. m.
Mensaje:  ===========================================
Detalles: 

INFO - 30/01/2025 05:06:01 p. m.
Mensaje:  =========================================== 
 Heineken.Sociedades
 =========================================== 
Detalles: Procesando la tabla

INFO - 30/01/2025 05:06:01 p. m.
Mensaje: Exportando tabla
Detalles: Exportacion de Informacion

INFO - 30/01/2025 05:08:17 p. m.
Mensaje: ExportToCSV: Tabla 'Heineken.Sociedades' exportada a csv con 12 filas
Detalles: 

INFO - 30/01/2025 05:08:17 p. m.
Mensaje:  ===========================================
Detalles: 

INFO - 30/01/2025 05:08:17 p. m.
Mensaje:  =========================================== 
 Heineken.SubdivisionesPersonal
 =========================================== 
Detalles: Procesando la tabla

INFO - 30/01/2025 05:08:18 p. m.
Mensaje: Exportando tabla
Detalles: Exportacion de Informacion

INFO - 30/01/2025 05:10:34 p. m.
Mensaje: ExportToCSV: Tabla 'Heineken.SubdivisionesPersonal' exportada a csv con 848 filas
Detalles: 

INFO - 30/01/2025 05:10:34 p. m.
Mensaje:  ===========================================
Detalles: 

INFO - 30/01/2025 05:10:34 p. m.
Mensaje:  =========================================== 
 dbo.DatosReales 
 =========================================== 
Detalles: Procesando la tabla

INFO - 30/01/2025 05:10:40 p. m.
Mensaje: Exportando tabla
Detalles: Exportacion de Informacion

INFO - 30/01/2025 05:13:02 p. m.
Mensaje: ExportToCSV: Tabla 'dbo.DatosReales' exportada a csv con 295502 filas
Detalles: 

INFO - 30/01/2025 05:13:02 p. m.
Mensaje:  ===========================================
Detalles: 

INFO - 30/01/2025 05:13:02 p. m.
Mensaje:  =========================================== 
 dbo.DatosMetas 
 =========================================== 
Detalles: Procesando la tabla

INFO - 30/01/2025 05:13:08 p. m.
Mensaje: Exportando tabla
Detalles: Exportacion de Informacion

INFO - 30/01/2025 05:15:34 p. m.
Mensaje: ExportToCSV: Tabla 'dbo.DatosMetas' exportada a csv con 272640 filas
Detalles: 

INFO - 30/01/2025 05:15:34 p. m.
Mensaje:  ===========================================
Detalles: 

INFO - 30/01/2025 05:15:34 p. m.
Mensaje:  =========================================== 
 dbo.EquiposIntegrantesTrimestral
 =========================================== 
Detalles: Procesando la tabla

INFO - 30/01/2025 05:15:34 p. m.
Mensaje: Exportando tabla
Detalles: Exportacion de Informacion

INFO - 30/01/2025 05:18:04 p. m.
Mensaje: ExportToCSV: Tabla 'dbo.EquiposIntegrantesTrimestral' exportada a csv con 2302 filas
Detalles: 

INFO - 30/01/2025 05:18:04 p. m.
Mensaje:  ===========================================
Detalles: 

INFO - 30/01/2025 05:18:04 p. m.
Mensaje:  =========================================== 
 dbo.ResultadosJefesEmpleadosEquiposMensual
 =========================================== 
Detalles: Procesando la tabla

INFO - 30/01/2025 05:18:04 p. m.
Mensaje: Exportando tabla
Detalles: Exportacion de Informacion

INFO - 30/01/2025 05:20:49 p. m.
Mensaje: ExportToCSV: Tabla 'dbo.ResultadosJefesEmpleadosEquiposMensual' exportada a csv con 2673 filas
Detalles: 

INFO - 30/01/2025 05:20:49 p. m.
Mensaje:  ===========================================
Detalles: 

INFO - 30/01/2025 05:20:49 p. m.
Mensaje:  =========================================== 
 dbo.ResultadosJefesEmpleadosAnual
 =========================================== 
Detalles: Procesando la tabla

INFO - 30/01/2025 05:20:50 p. m.
Mensaje: Exportando tabla
Detalles: Exportacion de Informacion

INFO - 30/01/2025 05:23:30 p. m.
Mensaje: ExportToCSV: Tabla 'dbo.ResultadosJefesEmpleadosAnual' exportada a csv con 3543 filas
Detalles: 

INFO - 30/01/2025 05:23:30 p. m.
Mensaje:  ===========================================
Detalles: 

INFO - 30/01/2025 05:23:30 p. m.
Mensaje:  =========================================== 
 dbo.ResultadosEquiposTrimestral
 =========================================== 
Detalles: Procesando la tabla

INFO - 30/01/2025 05:23:30 p. m.
Mensaje: Exportando tabla
Detalles: Exportacion de Informacion

INFO - 30/01/2025 05:25:58 p. m.
Mensaje: ExportToCSV: Tabla 'dbo.ResultadosEquiposTrimestral' exportada a csv con 1620 filas
Detalles: 

INFO - 30/01/2025 05:25:58 p. m.
Mensaje:  ===========================================
Detalles: 

INFO - 30/01/2025 05:25:58 p. m.
Mensaje:  =========================================== 
 dbo.EquiposIntegrantesMensual
 =========================================== 
Detalles: Procesando la tabla

INFO - 30/01/2025 05:25:58 p. m.
Mensaje: Exportando tabla
Detalles: Exportacion de Informacion

INFO - 30/01/2025 05:28:42 p. m.
Mensaje: ExportToCSV: Tabla 'dbo.EquiposIntegrantesMensual' exportada a csv con 2420 filas
Detalles: 

INFO - 30/01/2025 05:28:42 p. m.
Mensaje:  ===========================================
Detalles: 

INFO - 30/01/2025 05:28:42 p. m.
Mensaje:  =========================================== 
 Heineken.IncidenciasAusentismos
 =========================================== 
Detalles: Procesando la tabla

INFO - 30/01/2025 05:28:46 p. m.
Mensaje: Exportando tabla
Detalles: Exportacion de Informacion

INFO - 30/01/2025 05:31:25 p. m.
Mensaje: ExportToCSV: Tabla 'Heineken.IncidenciasAusentismos' exportada a csv con 83823 filas
Detalles: 

INFO - 30/01/2025 05:31:25 p. m.
Mensaje:  ===========================================
Detalles: 

INFO - 30/01/2025 05:58:40 p. m.
Mensaje: 
Detalles: 

INFO - 30/01/2025 05:58:40 p. m.
Mensaje: 
Detalles: 

INFO - 30/01/2025 05:58:40 p. m.
Mensaje: 
Detalles: 

INFO - 30/01/2025 05:58:40 p. m.
Mensaje: Fecha Termino:  30/01/2025 05:58:40 p. m.
Detalles: Proceso Terminado

