INFO - 19/02/2025 01:47:22 p. m.
Mensaje: Inicia Proceso de Exportacion!
Detalles: Exportar archivos

INFO - 19/02/2025 01:47:23 p. m.
Mensaje: == Prueba de conexion BD Exitosa == 
Detalles: Se conecto a SQL de manera correcta

INFO - 19/02/2025 01:47:23 p. m.
Mensaje: Limpieza del directorio C:\Destino exitosa
Detalles: 

INFO - 19/02/2025 01:47:23 p. m.
Mensaje:  =========================================== 
Heineken.SalarioNomina
 =========================================== 
Detalles: Procesando la tabla

INFO - 19/02/2025 01:47:51 p. m.
Mensaje: Exportando tabla
Detalles: Exportacion de Informacion

INFO - 19/02/2025 01:48:16 p. m.
Mensaje: ExportToCSV: Tabla 'Heineken.SalarioNomina' exportada a csv con 124623 filas
Detalles: 

INFO - 19/02/2025 01:48:16 p. m.
Mensaje:  ===========================================
Detalles: 

INFO - 19/02/2025 01:48:16 p. m.
Mensaje:  =========================================== 
 Heineken.Empleados
 =========================================== 
Detalles: Procesando la tabla

INFO - 19/02/2025 01:49:20 p. m.
Mensaje: Exportando tabla
Detalles: Exportacion de Informacion

INFO - 19/02/2025 01:50:20 p. m.
Mensaje: ExportToCSV: Tabla 'Heineken.Empleados' exportada a csv con 376578 filas
Detalles: 

INFO - 19/02/2025 01:50:20 p. m.
Mensaje:  ===========================================
Detalles: 

INFO - 19/02/2025 01:50:20 p. m.
Mensaje:  =========================================== 
 Heineken.AreasPersonal
 =========================================== 
Detalles: Procesando la tabla

INFO - 19/02/2025 01:50:20 p. m.
Mensaje: Exportando tabla
Detalles: Exportacion de Informacion

INFO - 19/02/2025 01:50:20 p. m.
Mensaje: ExportToCSV: Tabla 'Heineken.AreasPersonal' exportada a csv con 357 filas
Detalles: 

INFO - 19/02/2025 01:50:20 p. m.
Mensaje:  ===========================================
Detalles: 

INFO - 19/02/2025 01:50:20 p. m.
Mensaje:  =========================================== 
 Heineken.AbsentismosNomina
 =========================================== 
Detalles: Procesando la tabla

INFO - 19/02/2025 01:50:25 p. m.
Mensaje: Exportando tabla
Detalles: Exportacion de Informacion

INFO - 19/02/2025 01:50:31 p. m.
Mensaje: ExportToCSV: Tabla 'Heineken.AbsentismosNomina' exportada a csv con 83825 filas
Detalles: 

INFO - 19/02/2025 01:50:31 p. m.
Mensaje:  ===========================================
Detalles: 

INFO - 19/02/2025 01:50:31 p. m.
Mensaje:  =========================================== 
 Heineken.vw_CatalogoGlobal
 =========================================== 
Detalles: Procesando la tabla

INFO - 19/02/2025 01:50:32 p. m.
Mensaje: Exportando tabla
Detalles: Exportacion de Informacion

INFO - 19/02/2025 01:50:32 p. m.
Mensaje: ExportToCSV: Tabla 'Heineken.vw_CatalogoGlobal' exportada a csv con 925 filas
Detalles: 

INFO - 19/02/2025 01:50:32 p. m.
Mensaje:  ===========================================
Detalles: 

INFO - 19/02/2025 01:50:32 p. m.
Mensaje:  =========================================== 
 Heineken.MovimientosPersonal
 =========================================== 
Detalles: Procesando la tabla

INFO - 19/02/2025 01:50:46 p. m.
Mensaje: Exportando tabla
Detalles: Exportacion de Informacion

INFO - 19/02/2025 01:51:12 p. m.
Mensaje: ExportToCSV: Tabla 'Heineken.MovimientosPersonal' exportada a csv con 484962 filas
Detalles: 

INFO - 19/02/2025 01:51:12 p. m.
Mensaje:  ===========================================
Detalles: 

INFO - 19/02/2025 01:51:12 p. m.
Mensaje:  =========================================== 
 Heineken.IncidenciasPresencias
 =========================================== 
Detalles: Procesando la tabla

INFO - 19/02/2025 01:51:37 p. m.
Mensaje: Exportando tabla
Detalles: Exportacion de Informacion

INFO - 19/02/2025 01:52:40 p. m.
Mensaje: ExportToCSV: Tabla 'Heineken.IncidenciasPresencias' exportada a csv con 938765 filas
Detalles: 

INFO - 19/02/2025 01:52:40 p. m.
Mensaje:  ===========================================
Detalles: 

INFO - 19/02/2025 01:52:40 p. m.
Mensaje:  =========================================== 
 dbo.DatosReales_K
 =========================================== 
Detalles: Procesando la tabla

INFO - 19/02/2025 01:52:41 p. m.
Mensaje: Exportando tabla
Detalles: Exportacion de Informacion

INFO - 19/02/2025 01:52:42 p. m.
Mensaje: ExportToCSV: Tabla 'dbo.DatosReales_K' exportada a csv con 44050 filas
Detalles: 

INFO - 19/02/2025 01:52:42 p. m.
Mensaje:  ===========================================
Detalles: 

INFO - 19/02/2025 01:52:42 p. m.
Mensaje:  =========================================== 
 dbo.DatosMetas_K
 =========================================== 
Detalles: Procesando la tabla

INFO - 19/02/2025 01:52:43 p. m.
Mensaje: Exportando tabla
Detalles: Exportacion de Informacion

INFO - 19/02/2025 01:52:44 p. m.
Mensaje: ExportToCSV: Tabla 'dbo.DatosMetas_K' exportada a csv con 44050 filas
Detalles: 

INFO - 19/02/2025 01:52:44 p. m.
Mensaje:  ===========================================
Detalles: 

INFO - 19/02/2025 01:52:44 p. m.
Mensaje:  =========================================== 
 Heineken.CentrosCosto
 =========================================== 
Detalles: Procesando la tabla

INFO - 19/02/2025 01:52:45 p. m.
Mensaje: Exportando tabla
Detalles: Exportacion de Informacion

INFO - 19/02/2025 01:52:46 p. m.
Mensaje: ExportToCSV: Tabla 'Heineken.CentrosCosto' exportada a csv con 15172 filas
Detalles: 

INFO - 19/02/2025 01:52:46 p. m.
Mensaje:  ===========================================
Detalles: 

INFO - 19/02/2025 01:52:46 p. m.
Mensaje:  =========================================== 
 Heineken.UnidadesOrganizativas
 =========================================== 
Detalles: Procesando la tabla

INFO - 19/02/2025 01:52:47 p. m.
Mensaje: Exportando tabla
Detalles: Exportacion de Informacion

INFO - 19/02/2025 01:52:47 p. m.
Mensaje: ExportToCSV: Tabla 'Heineken.UnidadesOrganizativas' exportada a csv con 5249 filas
Detalles: 

INFO - 19/02/2025 01:52:47 p. m.
Mensaje:  ===========================================
Detalles: 

INFO - 19/02/2025 01:52:47 p. m.
Mensaje:  =========================================== 
 Heineken.Posiciones
 =========================================== 
Detalles: Procesando la tabla

INFO - 19/02/2025 01:52:48 p. m.
Mensaje: Exportando tabla
Detalles: Exportacion de Informacion

INFO - 19/02/2025 01:52:50 p. m.
Mensaje: ExportToCSV: Tabla 'Heineken.Posiciones' exportada a csv con 49503 filas
Detalles: 

INFO - 19/02/2025 01:52:50 p. m.
Mensaje:  ===========================================
Detalles: 

INFO - 19/02/2025 01:52:50 p. m.
Mensaje:  =========================================== 
 Heineken.ClasesMedida
 =========================================== 
Detalles: Procesando la tabla

INFO - 19/02/2025 01:52:50 p. m.
Mensaje: Exportando tabla
Detalles: Exportacion de Informacion

INFO - 19/02/2025 01:52:51 p. m.
Mensaje: ExportToCSV: Tabla 'Heineken.ClasesMedida' exportada a csv con 182 filas
Detalles: 

INFO - 19/02/2025 01:52:51 p. m.
Mensaje:  ===========================================
Detalles: 

INFO - 19/02/2025 01:52:51 p. m.
Mensaje:  =========================================== 
 Heineken.Funciones
 =========================================== 
Detalles: Procesando la tabla

INFO - 19/02/2025 01:52:51 p. m.
Mensaje: Exportando tabla
Detalles: Exportacion de Informacion

INFO - 19/02/2025 01:52:51 p. m.
Mensaje: ExportToCSV: Tabla 'Heineken.Funciones' exportada a csv con 151 filas
Detalles: 

INFO - 19/02/2025 01:52:51 p. m.
Mensaje:  ===========================================
Detalles: 

INFO - 19/02/2025 01:52:51 p. m.
Mensaje:  =========================================== 
 Heineken.MotivosMedida
 =========================================== 
Detalles: Procesando la tabla

INFO - 19/02/2025 01:52:51 p. m.
Mensaje: Exportando tabla
Detalles: Exportacion de Informacion

INFO - 19/02/2025 01:52:51 p. m.
Mensaje: ExportToCSV: Tabla 'Heineken.MotivosMedida' exportada a csv con 235 filas
Detalles: 

INFO - 19/02/2025 01:52:51 p. m.
Mensaje:  ===========================================
Detalles: 

INFO - 19/02/2025 01:52:51 p. m.
Mensaje:  =========================================== 
 Heineken.DivisionesPersonal
 =========================================== 
Detalles: Procesando la tabla

INFO - 19/02/2025 01:52:51 p. m.
Mensaje: Exportando tabla
Detalles: Exportacion de Informacion

INFO - 19/02/2025 01:52:51 p. m.
Mensaje: ExportToCSV: Tabla 'Heineken.DivisionesPersonal' exportada a csv con 12 filas
Detalles: 

INFO - 19/02/2025 01:52:51 p. m.
Mensaje:  ===========================================
Detalles: 

INFO - 19/02/2025 01:52:51 p. m.
Mensaje:  =========================================== 
 Heineken.Sociedades
 =========================================== 
Detalles: Procesando la tabla

INFO - 19/02/2025 01:52:52 p. m.
Mensaje: Exportando tabla
Detalles: Exportacion de Informacion

INFO - 19/02/2025 01:52:52 p. m.
Mensaje: ExportToCSV: Tabla 'Heineken.Sociedades' exportada a csv con 12 filas
Detalles: 

INFO - 19/02/2025 01:52:52 p. m.
Mensaje:  ===========================================
Detalles: 

INFO - 19/02/2025 01:52:52 p. m.
Mensaje:  =========================================== 
 Heineken.SubdivisionesPersonal
 =========================================== 
Detalles: Procesando la tabla

INFO - 19/02/2025 01:52:52 p. m.
Mensaje: Exportando tabla
Detalles: Exportacion de Informacion

INFO - 19/02/2025 01:52:52 p. m.
Mensaje: ExportToCSV: Tabla 'Heineken.SubdivisionesPersonal' exportada a csv con 848 filas
Detalles: 

INFO - 19/02/2025 01:52:52 p. m.
Mensaje:  ===========================================
Detalles: 

INFO - 19/02/2025 01:52:52 p. m.
Mensaje:  =========================================== 
 dbo.DatosReales 
 =========================================== 
Detalles: Procesando la tabla

INFO - 19/02/2025 01:52:56 p. m.
Mensaje: Exportando tabla
Detalles: Exportacion de Informacion

INFO - 19/02/2025 01:53:03 p. m.
Mensaje: ExportToCSV: Tabla 'dbo.DatosReales' exportada a csv con 295502 filas
Detalles: 

INFO - 19/02/2025 01:53:03 p. m.
Mensaje:  ===========================================
Detalles: 

INFO - 19/02/2025 01:53:03 p. m.
Mensaje:  =========================================== 
 dbo.DatosMetas 
 =========================================== 
Detalles: Procesando la tabla

INFO - 19/02/2025 01:53:08 p. m.
Mensaje: Exportando tabla
Detalles: Exportacion de Informacion

INFO - 19/02/2025 01:53:14 p. m.
Mensaje: ExportToCSV: Tabla 'dbo.DatosMetas' exportada a csv con 272640 filas
Detalles: 

INFO - 19/02/2025 01:53:14 p. m.
Mensaje:  ===========================================
Detalles: 

INFO - 19/02/2025 01:53:14 p. m.
Mensaje:  =========================================== 
 dbo.EquiposIntegrantesTrimestral
 =========================================== 
Detalles: Procesando la tabla

INFO - 19/02/2025 01:53:14 p. m.
Mensaje: Exportando tabla
Detalles: Exportacion de Informacion

INFO - 19/02/2025 01:53:14 p. m.
Mensaje: ExportToCSV: Tabla 'dbo.EquiposIntegrantesTrimestral' exportada a csv con 2302 filas
Detalles: 

INFO - 19/02/2025 01:53:14 p. m.
Mensaje:  ===========================================
Detalles: 

INFO - 19/02/2025 01:53:14 p. m.
Mensaje:  =========================================== 
 dbo.ResultadosJefesEmpleadosEquiposMensual
 =========================================== 
Detalles: Procesando la tabla

INFO - 19/02/2025 01:53:15 p. m.
Mensaje: Exportando tabla
Detalles: Exportacion de Informacion

INFO - 19/02/2025 01:53:15 p. m.
Mensaje: ExportToCSV: Tabla 'dbo.ResultadosJefesEmpleadosEquiposMensual' exportada a csv con 2673 filas
Detalles: 

INFO - 19/02/2025 01:53:15 p. m.
Mensaje:  ===========================================
Detalles: 

INFO - 19/02/2025 01:53:15 p. m.
Mensaje:  =========================================== 
 dbo.ResultadosJefesEmpleadosAnual
 =========================================== 
Detalles: Procesando la tabla

INFO - 19/02/2025 01:53:17 p. m.
Mensaje: Exportando tabla
Detalles: Exportacion de Informacion

INFO - 19/02/2025 01:53:17 p. m.
Mensaje: ExportToCSV: Tabla 'dbo.ResultadosJefesEmpleadosAnual' exportada a csv con 3543 filas
Detalles: 

INFO - 19/02/2025 01:53:17 p. m.
Mensaje:  ===========================================
Detalles: 

INFO - 19/02/2025 01:53:17 p. m.
Mensaje:  =========================================== 
 dbo.ResultadosEquiposTrimestral
 =========================================== 
Detalles: Procesando la tabla

INFO - 19/02/2025 01:53:18 p. m.
Mensaje: Exportando tabla
Detalles: Exportacion de Informacion

INFO - 19/02/2025 01:53:18 p. m.
Mensaje: ExportToCSV: Tabla 'dbo.ResultadosEquiposTrimestral' exportada a csv con 1620 filas
Detalles: 

INFO - 19/02/2025 01:53:18 p. m.
Mensaje:  ===========================================
Detalles: 

INFO - 19/02/2025 01:53:18 p. m.
Mensaje:  =========================================== 
 dbo.EquiposIntegrantesMensual
 =========================================== 
Detalles: Procesando la tabla

INFO - 19/02/2025 01:53:18 p. m.
Mensaje: Exportando tabla
Detalles: Exportacion de Informacion

INFO - 19/02/2025 01:53:18 p. m.
Mensaje: ExportToCSV: Tabla 'dbo.EquiposIntegrantesMensual' exportada a csv con 2420 filas
Detalles: 

INFO - 19/02/2025 01:53:19 p. m.
Mensaje:  ===========================================
Detalles: 

INFO - 19/02/2025 01:53:19 p. m.
Mensaje:  =========================================== 
 Heineken.IncidenciasAusentismos
 =========================================== 
Detalles: Procesando la tabla

INFO - 19/02/2025 01:53:24 p. m.
Mensaje: Exportando tabla
Detalles: Exportacion de Informacion

INFO - 19/02/2025 01:53:29 p. m.
Mensaje: ExportToCSV: Tabla 'Heineken.IncidenciasAusentismos' exportada a csv con 83823 filas
Detalles: 

INFO - 19/02/2025 01:53:29 p. m.
Mensaje:  ===========================================
Detalles: 

INFO - 19/02/2025 01:53:29 p. m.
Mensaje: Fecha Termino:  19/02/2025 01:53:29 p. m.
Detalles: Proceso Terminado

