INFO - 14/10/2024 04:16:56 p. m.
Mensaje: Inicia Proceso de Exportacion!
Detalles: Exportar archivos

INFO - 14/10/2024 04:16:57 p. m.
Mensaje: == Prueba de conexion BD Exitosa == 
Detalles: Se conecto a SQL de manera correcta

INFO - 14/10/2024 04:16:57 p. m.
Mensaje:  =========================================== 
DivisionesPersonal
 =========================================== 
Detalles: Procesando la tabla

INFO - 14/10/2024 04:16:57 p. m.
Mensaje: Exportando tabla a Excel
Detalles: Exportacion de Informacion a Excel

INFO - 14/10/2024 04:16:57 p. m.
Mensaje: ExportToExcel: Tabla 'DivisionesPersonal' exportada a Excel con 12 filas
Detalles: 

INFO - 14/10/2024 04:16:57 p. m.
Mensaje:  ===========================================
Detalles: 

INFO - 14/10/2024 04:16:57 p. m.
Mensaje:  =========================================== 
 Funciones
 =========================================== 
Detalles: Procesando la tabla

INFO - 14/10/2024 04:16:57 p. m.
Mensaje: Exportando tabla a Excel
Detalles: Exportacion de Informacion a Excel

INFO - 14/10/2024 04:16:57 p. m.
Mensaje: ExportToExcel: Tabla 'Funciones' exportada a Excel con 151 filas
Detalles: 

INFO - 14/10/2024 04:16:58 p. m.
Mensaje:  ===========================================
Detalles: 

INFO - 14/10/2024 04:16:58 p. m.
Mensaje:  =========================================== 
 XC
 =========================================== 
Detalles: Procesando la tabla

ERROR - 14/10/2024 04:16:58 p. m.
Mensaje: La tabla no existe
Detalles: Error al consultar la tabla

INFO - 14/10/2024 04:16:58 p. m.
Mensaje:  ===========================================
Detalles: 

INFO - 14/10/2024 04:16:58 p. m.
Mensaje:  =========================================== 
 CentrosCosto
 =========================================== 
Detalles: Procesando la tabla

ERROR - 14/10/2024 04:16:58 p. m.
Mensaje: No hay datos
Detalles: 

INFO - 14/10/2024 04:16:58 p. m.
Mensaje:  ===========================================
Detalles: 

INFO - 14/10/2024 04:16:58 p. m.
Mensaje:  =========================================== 
 Empleados
 =========================================== 
Detalles: Procesando la tabla

INFO - 14/10/2024 04:17:08 p. m.
Mensaje: Exportando tabla a Excel
Detalles: Exportacion de Informacion a Excel

INFO - 14/10/2024 04:17:31 p. m.
Mensaje: ExportToExcel: Tabla 'Empleados' exportada a Excel con 145500 filas
Detalles: 

INFO - 14/10/2024 04:17:31 p. m.
Mensaje:  ===========================================
Detalles: 

INFO - 14/10/2024 04:17:31 p. m.
Mensaje: Fecha Termino:  14/10/2024 04:17:31 p. m.
Detalles: Proceso Terminado

INFO - 14/10/2024 04:21:36 p. m.
Mensaje: Inicia Proceso de Exportacion!
Detalles: Exportar archivos

INFO - 14/10/2024 04:21:36 p. m.
Mensaje: == Prueba de conexion BD Exitosa == 
Detalles: Se conecto a SQL de manera correcta

INFO - 14/10/2024 04:21:36 p. m.
Mensaje:  =========================================== 
DivisionesPersonal
 =========================================== 
Detalles: Procesando la tabla

INFO - 14/10/2024 04:21:36 p. m.
Mensaje: Exportando tabla a Excel
Detalles: Exportacion de Informacion a Excel

INFO - 14/10/2024 04:21:37 p. m.
Mensaje: ExportToExcel: Tabla 'DivisionesPersonal' exportada a Excel con 12 filas
Detalles: 

INFO - 14/10/2024 04:21:37 p. m.
Mensaje:  ===========================================
Detalles: 

INFO - 14/10/2024 04:21:37 p. m.
Mensaje:  =========================================== 
 Funciones
 =========================================== 
Detalles: Procesando la tabla

INFO - 14/10/2024 04:21:37 p. m.
Mensaje: Exportando tabla a Excel
Detalles: Exportacion de Informacion a Excel

INFO - 14/10/2024 04:21:37 p. m.
Mensaje: ExportToExcel: Tabla 'Funciones' exportada a Excel con 151 filas
Detalles: 

INFO - 14/10/2024 04:21:37 p. m.
Mensaje:  ===========================================
Detalles: 

INFO - 14/10/2024 04:21:37 p. m.
Mensaje:  =========================================== 
 XC
 =========================================== 
Detalles: Procesando la tabla

ERROR - 14/10/2024 04:21:37 p. m.
Mensaje: La tabla no existe
Detalles: Error al consultar la tabla

INFO - 14/10/2024 04:21:37 p. m.
Mensaje:  ===========================================
Detalles: 

INFO - 14/10/2024 04:21:37 p. m.
Mensaje:  =========================================== 
 CentrosCosto
 =========================================== 
Detalles: Procesando la tabla

ERROR - 14/10/2024 04:21:37 p. m.
Mensaje: No hay datos
Detalles: 

INFO - 14/10/2024 04:21:37 p. m.
Mensaje:  ===========================================
Detalles: 

INFO - 14/10/2024 04:21:37 p. m.
Mensaje:  =========================================== 
 Empleados
 =========================================== 
Detalles: Procesando la tabla

ERROR - 14/10/2024 04:22:07 p. m.
Mensaje: Timeout expired.  The timeout period elapsed prior to completion of the operation or the server is not responding.
Detalles: Error al consultar la tabla

INFO - 14/10/2024 04:22:07 p. m.
Mensaje:  ===========================================
Detalles: 

INFO - 14/10/2024 04:22:07 p. m.
Mensaje: Fecha Termino:  14/10/2024 04:22:07 p. m.
Detalles: Proceso Terminado

