INFO - 14/10/2024 11:35:43 a. m.
Mensaje: Inicia Proceso de Exportacion!
Detalles: Exportar archivos

INFO - 14/10/2024 11:35:44 a. m.
Mensaje: == Prueba de conexion BD Exitosa == 
Detalles: Se conecto a SQL de manera correcta

INFO - 14/10/2024 11:35:44 a. m.
Mensaje:  =========================================== 
Funciones
 =========================================== 
Detalles: Procesando la tabla

INFO - 14/10/2024 11:35:44 a. m.
Mensaje: Exportando tabla a Excel
Detalles: Exportacion de Informacion a Excel

INFO - 14/10/2024 11:35:45 a. m.
Mensaje: ExportToExcel: Tabla 'Funciones' exportada a Excel con 151 filas
Detalles: 

INFO - 14/10/2024 11:35:45 a. m.
Mensaje:  ===========================================
Detalles: 

INFO - 14/10/2024 11:35:45 a. m.
Mensaje:  =========================================== 
 DivisionesPersonal
 =========================================== 
Detalles: Procesando la tabla

INFO - 14/10/2024 11:35:45 a. m.
Mensaje: Exportando tabla a Excel
Detalles: Exportacion de Informacion a Excel

INFO - 14/10/2024 11:35:45 a. m.
Mensaje: ExportToExcel: Tabla 'DivisionesPersonal' exportada a Excel con 12 filas
Detalles: 

INFO - 14/10/2024 11:35:45 a. m.
Mensaje:  ===========================================
Detalles: 

INFO - 14/10/2024 11:35:45 a. m.
Mensaje:  =========================================== 
 Empleados
 =========================================== 
Detalles: Procesando la tabla

INFO - 14/10/2024 11:35:54 a. m.
Mensaje: Exportando tabla a Excel
Detalles: Exportacion de Informacion a Excel

INFO - 14/10/2024 11:36:17 a. m.
Mensaje: ExportToExcel: Tabla 'Empleados' exportada a Excel con 114800 filas
Detalles: 

INFO - 14/10/2024 11:36:17 a. m.
Mensaje:  ===========================================
Detalles: 

INFO - 14/10/2024 11:36:17 a. m.
Mensaje: Fecha Termino:  14/10/2024 11:36:17 a. m.
Detalles: Proceso Terminado

