INFO - 14/10/2024 12:31:35 a. m.
Mensaje: Inicia Proceso de Exportacion!
Detalles: Exportar archivos

INFO - 14/10/2024 12:31:36 a. m.
Mensaje: == Prueba de conexion BD Exitosa == 
Detalles: Se conecto a SQL de manera correcta

INFO - 14/10/2024 12:31:36 a. m.
Mensaje:  =========================================== 
DivisionesPersonal
 =========================================== 
Detalles: Procesando la tabla

INFO - 14/10/2024 12:31:37 a. m.
Mensaje: Exportando tabla a Excel
Detalles: Exportacion de Informacion a Excel

INFO - 14/10/2024 12:31:40 a. m.
Mensaje: ExportToExcel: Tabla 'DivisionesPersonal' exportada a Excel con 12 filas
Detalles: 

INFO - 14/10/2024 12:31:50 a. m.
Mensaje:  ===========================================
Detalles: 

INFO - 14/10/2024 12:31:50 a. m.
Mensaje: Fecha Termino:  14/10/2024 12:31:50 a. m.
Detalles: Proceso Terminado

INFO - 14/10/2024 12:33:35 a. m.
Mensaje: Inicia Proceso de Exportacion!
Detalles: Exportar archivos

INFO - 14/10/2024 12:33:35 a. m.
Mensaje: == Prueba de conexion BD Exitosa == 
Detalles: Se conecto a SQL de manera correcta

INFO - 14/10/2024 12:33:35 a. m.
Mensaje:  =========================================== 
DivisionesPersonal
 =========================================== 
Detalles: Procesando la tabla

INFO - 14/10/2024 12:33:35 a. m.
Mensaje: Exportando tabla a Excel
Detalles: Exportacion de Informacion a Excel

INFO - 14/10/2024 12:33:36 a. m.
Mensaje: ExportToExcel: Tabla 'DivisionesPersonal' exportada a Excel con 12 filas
Detalles: 

INFO - 14/10/2024 12:33:49 a. m.
Mensaje:  ===========================================
Detalles: 

INFO - 14/10/2024 12:33:49 a. m.
Mensaje: Fecha Termino:  14/10/2024 12:33:49 a. m.
Detalles: Proceso Terminado

INFO - 14/10/2024 12:35:35 a. m.
Mensaje: Inicia Proceso de Exportacion!
Detalles: Exportar archivos

INFO - 14/10/2024 12:35:35 a. m.
Mensaje: == Prueba de conexion BD Exitosa == 
Detalles: Se conecto a SQL de manera correcta

INFO - 14/10/2024 12:35:35 a. m.
Mensaje:  =========================================== 
DivisionesPersonal
 =========================================== 
Detalles: Procesando la tabla

INFO - 14/10/2024 12:35:35 a. m.
Mensaje: Exportando tabla a Excel
Detalles: Exportacion de Informacion a Excel

INFO - 14/10/2024 12:35:36 a. m.
Mensaje: ExportToExcel: Tabla 'DivisionesPersonal' exportada a Excel con 12 filas
Detalles: 

INFO - 14/10/2024 12:35:46 a. m.
Mensaje:  ===========================================
Detalles: 

INFO - 14/10/2024 12:35:46 a. m.
Mensaje: Fecha Termino:  14/10/2024 12:35:46 a. m.
Detalles: Proceso Terminado

