INFO - 21/02/2025 12:53:19 p. m.
Mensaje: Inicia Proceso de Exportacion!
Detalles: Exportar archivos

INFO - 21/02/2025 12:53:20 p. m.
Mensaje: == Prueba de conexion BD Exitosa == 
Detalles: Se conecto a SQL de manera correcta

INFO - 21/02/2025 12:53:20 p. m.
Mensaje: Limpieza del directorio C:\Destino exitosa
Detalles: 

INFO - 21/02/2025 12:53:20 p. m.
Mensaje:  =========================================== 
Heineken.SalarioNomina
 =========================================== 
Detalles: Procesando la tabla

INFO - 21/02/2025 12:53:49 p. m.
Mensaje: Exportando tabla
Detalles: Exportacion de Informacion

INFO - 21/02/2025 12:54:32 p. m.
Mensaje: ExportToCSV: Tabla 'Heineken.SalarioNomina' exportada a csv con 124623 filas
Detalles: 

INFO - 21/02/2025 12:54:32 p. m.
Mensaje:  ===========================================
Detalles: 

INFO - 21/02/2025 12:54:32 p. m.
Mensaje:  =========================================== 
 Heineken.Empleados
 =========================================== 
Detalles: Procesando la tabla

INFO - 21/02/2025 12:56:47 p. m.
Mensaje: Exportando tabla
Detalles: Exportacion de Informacion

INFO - 21/02/2025 12:58:21 p. m.
Mensaje: ExportToCSV: Tabla 'Heineken.Empleados' exportada a csv con 376578 filas
Detalles: 

INFO - 21/02/2025 12:58:21 p. m.
Mensaje:  ===========================================
Detalles: 

INFO - 21/02/2025 12:58:21 p. m.
Mensaje:  =========================================== 
 Heineken.AreasPersonal
 =========================================== 
Detalles: Procesando la tabla

INFO - 21/02/2025 12:58:21 p. m.
Mensaje: Exportando tabla
Detalles: Exportacion de Informacion

INFO - 21/02/2025 12:58:21 p. m.
Mensaje: ExportToCSV: Tabla 'Heineken.AreasPersonal' exportada a csv con 357 filas
Detalles: 

INFO - 21/02/2025 12:58:21 p. m.
Mensaje:  ===========================================
Detalles: 

INFO - 21/02/2025 12:58:21 p. m.
Mensaje:  =========================================== 
 Heineken.AbsentismosNomina
 =========================================== 
Detalles: Procesando la tabla

INFO - 21/02/2025 12:58:55 p. m.
Mensaje: Exportando tabla
Detalles: Exportacion de Informacion

INFO - 21/02/2025 12:59:06 p. m.
Mensaje: ExportToCSV: Tabla 'Heineken.AbsentismosNomina' exportada a csv con 83825 filas
Detalles: 

INFO - 21/02/2025 12:59:06 p. m.
Mensaje:  ===========================================
Detalles: 

INFO - 21/02/2025 12:59:06 p. m.
Mensaje:  =========================================== 
 Heineken.vw_CatalogoGlobal
 =========================================== 
Detalles: Procesando la tabla

INFO - 21/02/2025 12:59:08 p. m.
Mensaje: Exportando tabla
Detalles: Exportacion de Informacion

INFO - 21/02/2025 12:59:08 p. m.
Mensaje: ExportToCSV: Tabla 'Heineken.vw_CatalogoGlobal' exportada a csv con 925 filas
Detalles: 

INFO - 21/02/2025 12:59:08 p. m.
Mensaje:  ===========================================
Detalles: 

INFO - 21/02/2025 12:59:08 p. m.
Mensaje:  =========================================== 
 Heineken.MovimientosPersonal
 =========================================== 
Detalles: Procesando la tabla

INFO - 21/02/2025 12:59:46 p. m.
Mensaje: Exportando tabla
Detalles: Exportacion de Informacion

INFO - 21/02/2025 01:00:30 p. m.
Mensaje: ExportToCSV: Tabla 'Heineken.MovimientosPersonal' exportada a csv con 484962 filas
Detalles: 

INFO - 21/02/2025 01:00:30 p. m.
Mensaje:  ===========================================
Detalles: 

INFO - 21/02/2025 01:00:30 p. m.
Mensaje:  =========================================== 
 Heineken.IncidenciasPresencias
 =========================================== 
Detalles: Procesando la tabla

INFO - 21/02/2025 01:01:28 p. m.
Mensaje: Exportando tabla
Detalles: Exportacion de Informacion

INFO - 21/02/2025 01:03:02 p. m.
Mensaje: ExportToCSV: Tabla 'Heineken.IncidenciasPresencias' exportada a csv con 938765 filas
Detalles: 

INFO - 21/02/2025 01:03:02 p. m.
Mensaje:  ===========================================
Detalles: 

INFO - 21/02/2025 01:03:02 p. m.
Mensaje:  =========================================== 
 dbo.DatosReales_K
 =========================================== 
Detalles: Procesando la tabla

INFO - 21/02/2025 01:03:03 p. m.
Mensaje: Exportando tabla
Detalles: Exportacion de Informacion

INFO - 21/02/2025 01:03:04 p. m.
Mensaje: ExportToCSV: Tabla 'dbo.DatosReales_K' exportada a csv con 44050 filas
Detalles: 

INFO - 21/02/2025 01:03:04 p. m.
Mensaje:  ===========================================
Detalles: 

INFO - 21/02/2025 01:03:04 p. m.
Mensaje:  =========================================== 
 dbo.DatosMetas_K
 =========================================== 
Detalles: Procesando la tabla

INFO - 21/02/2025 01:03:05 p. m.
Mensaje: Exportando tabla
Detalles: Exportacion de Informacion

INFO - 21/02/2025 01:03:07 p. m.
Mensaje: ExportToCSV: Tabla 'dbo.DatosMetas_K' exportada a csv con 44050 filas
Detalles: 

INFO - 21/02/2025 01:03:07 p. m.
Mensaje:  ===========================================
Detalles: 

INFO - 21/02/2025 01:03:07 p. m.
Mensaje:  =========================================== 
 Heineken.CentrosCosto
 =========================================== 
Detalles: Procesando la tabla

INFO - 21/02/2025 01:03:12 p. m.
Mensaje: Exportando tabla
Detalles: Exportacion de Informacion

INFO - 21/02/2025 01:03:13 p. m.
Mensaje: ExportToCSV: Tabla 'Heineken.CentrosCosto' exportada a csv con 15172 filas
Detalles: 

INFO - 21/02/2025 01:03:13 p. m.
Mensaje:  ===========================================
Detalles: 

INFO - 21/02/2025 01:03:13 p. m.
Mensaje:  =========================================== 
 Heineken.UnidadesOrganizativas
 =========================================== 
Detalles: Procesando la tabla

INFO - 21/02/2025 01:03:15 p. m.
Mensaje: Exportando tabla
Detalles: Exportacion de Informacion

INFO - 21/02/2025 01:03:15 p. m.
Mensaje: ExportToCSV: Tabla 'Heineken.UnidadesOrganizativas' exportada a csv con 5249 filas
Detalles: 

INFO - 21/02/2025 01:03:15 p. m.
Mensaje:  ===========================================
Detalles: 

INFO - 21/02/2025 01:03:15 p. m.
Mensaje:  =========================================== 
 Heineken.Posiciones
 =========================================== 
Detalles: Procesando la tabla

INFO - 21/02/2025 01:03:25 p. m.
Mensaje: Exportando tabla
Detalles: Exportacion de Informacion

INFO - 21/02/2025 01:03:28 p. m.
Mensaje: ExportToCSV: Tabla 'Heineken.Posiciones' exportada a csv con 49503 filas
Detalles: 

INFO - 21/02/2025 01:03:28 p. m.
Mensaje:  ===========================================
Detalles: 

INFO - 21/02/2025 01:03:28 p. m.
Mensaje:  =========================================== 
 Heineken.ClasesMedida
 =========================================== 
Detalles: Procesando la tabla

INFO - 21/02/2025 01:03:29 p. m.
Mensaje: Exportando tabla
Detalles: Exportacion de Informacion

INFO - 21/02/2025 01:03:29 p. m.
Mensaje: ExportToCSV: Tabla 'Heineken.ClasesMedida' exportada a csv con 182 filas
Detalles: 

INFO - 21/02/2025 01:03:29 p. m.
Mensaje:  ===========================================
Detalles: 

INFO - 21/02/2025 01:03:29 p. m.
Mensaje:  =========================================== 
 Heineken.Funciones
 =========================================== 
Detalles: Procesando la tabla

INFO - 21/02/2025 01:03:29 p. m.
Mensaje: Exportando tabla
Detalles: Exportacion de Informacion

INFO - 21/02/2025 01:03:29 p. m.
Mensaje: ExportToCSV: Tabla 'Heineken.Funciones' exportada a csv con 151 filas
Detalles: 

INFO - 21/02/2025 01:03:29 p. m.
Mensaje:  ===========================================
Detalles: 

INFO - 21/02/2025 01:03:29 p. m.
Mensaje:  =========================================== 
 Heineken.MotivosMedida
 =========================================== 
Detalles: Procesando la tabla

INFO - 21/02/2025 01:03:30 p. m.
Mensaje: Exportando tabla
Detalles: Exportacion de Informacion

INFO - 21/02/2025 01:03:30 p. m.
Mensaje: ExportToCSV: Tabla 'Heineken.MotivosMedida' exportada a csv con 235 filas
Detalles: 

INFO - 21/02/2025 01:03:30 p. m.
Mensaje:  ===========================================
Detalles: 

INFO - 21/02/2025 01:03:30 p. m.
Mensaje:  =========================================== 
 Heineken.DivisionesPersonal
 =========================================== 
Detalles: Procesando la tabla

INFO - 21/02/2025 01:03:30 p. m.
Mensaje: Exportando tabla
Detalles: Exportacion de Informacion

INFO - 21/02/2025 01:03:30 p. m.
Mensaje: ExportToCSV: Tabla 'Heineken.DivisionesPersonal' exportada a csv con 12 filas
Detalles: 

INFO - 21/02/2025 01:03:30 p. m.
Mensaje:  ===========================================
Detalles: 

INFO - 21/02/2025 01:03:30 p. m.
Mensaje:  =========================================== 
 Heineken.Sociedades
 =========================================== 
Detalles: Procesando la tabla

INFO - 21/02/2025 01:03:30 p. m.
Mensaje: Exportando tabla
Detalles: Exportacion de Informacion

INFO - 21/02/2025 01:03:30 p. m.
Mensaje: ExportToCSV: Tabla 'Heineken.Sociedades' exportada a csv con 12 filas
Detalles: 

INFO - 21/02/2025 01:03:30 p. m.
Mensaje:  ===========================================
Detalles: 

INFO - 21/02/2025 01:03:31 p. m.
Mensaje:  =========================================== 
 Heineken.SubdivisionesPersonal
 =========================================== 
Detalles: Procesando la tabla

INFO - 21/02/2025 01:03:31 p. m.
Mensaje: Exportando tabla
Detalles: Exportacion de Informacion

INFO - 21/02/2025 01:03:31 p. m.
Mensaje: ExportToCSV: Tabla 'Heineken.SubdivisionesPersonal' exportada a csv con 848 filas
Detalles: 

INFO - 21/02/2025 01:03:31 p. m.
Mensaje:  ===========================================
Detalles: 

INFO - 21/02/2025 01:03:31 p. m.
Mensaje:  =========================================== 
 dbo.DatosReales 
 =========================================== 
Detalles: Procesando la tabla

INFO - 21/02/2025 01:03:52 p. m.
Mensaje: Exportando tabla
Detalles: Exportacion de Informacion

INFO - 21/02/2025 01:04:02 p. m.
Mensaje: ExportToCSV: Tabla 'dbo.DatosReales' exportada a csv con 295502 filas
Detalles: 

INFO - 21/02/2025 01:04:02 p. m.
Mensaje:  ===========================================
Detalles: 

INFO - 21/02/2025 01:04:02 p. m.
Mensaje:  =========================================== 
 dbo.DatosMetas 
 =========================================== 
Detalles: Procesando la tabla

INFO - 21/02/2025 01:04:12 p. m.
Mensaje: Exportando tabla
Detalles: Exportacion de Informacion

INFO - 21/02/2025 01:04:22 p. m.
Mensaje: ExportToCSV: Tabla 'dbo.DatosMetas' exportada a csv con 272640 filas
Detalles: 

INFO - 21/02/2025 01:04:22 p. m.
Mensaje:  ===========================================
Detalles: 

INFO - 21/02/2025 01:04:22 p. m.
Mensaje:  =========================================== 
 dbo.EquiposIntegrantesTrimestral
 =========================================== 
Detalles: Procesando la tabla

INFO - 21/02/2025 01:04:24 p. m.
Mensaje: Exportando tabla
Detalles: Exportacion de Informacion

INFO - 21/02/2025 01:04:24 p. m.
Mensaje: ExportToCSV: Tabla 'dbo.EquiposIntegrantesTrimestral' exportada a csv con 2302 filas
Detalles: 

INFO - 21/02/2025 01:04:24 p. m.
Mensaje:  ===========================================
Detalles: 

INFO - 21/02/2025 01:04:24 p. m.
Mensaje:  =========================================== 
 dbo.ResultadosJefesEmpleadosEquiposMensual
 =========================================== 
Detalles: Procesando la tabla

INFO - 21/02/2025 01:04:28 p. m.
Mensaje: Exportando tabla
Detalles: Exportacion de Informacion

INFO - 21/02/2025 01:04:28 p. m.
Mensaje: ExportToCSV: Tabla 'dbo.ResultadosJefesEmpleadosEquiposMensual' exportada a csv con 2673 filas
Detalles: 

INFO - 21/02/2025 01:04:28 p. m.
Mensaje:  ===========================================
Detalles: 

INFO - 21/02/2025 01:04:29 p. m.
Mensaje:  =========================================== 
 dbo.ResultadosJefesEmpleadosAnual
 =========================================== 
Detalles: Procesando la tabla

INFO - 21/02/2025 01:04:32 p. m.
Mensaje: Exportando tabla
Detalles: Exportacion de Informacion

INFO - 21/02/2025 01:04:32 p. m.
Mensaje: ExportToCSV: Tabla 'dbo.ResultadosJefesEmpleadosAnual' exportada a csv con 3543 filas
Detalles: 

INFO - 21/02/2025 01:04:32 p. m.
Mensaje:  ===========================================
Detalles: 

INFO - 21/02/2025 01:04:32 p. m.
Mensaje:  =========================================== 
 dbo.ResultadosEquiposTrimestral
 =========================================== 
Detalles: Procesando la tabla

INFO - 21/02/2025 01:04:34 p. m.
Mensaje: Exportando tabla
Detalles: Exportacion de Informacion

INFO - 21/02/2025 01:04:34 p. m.
Mensaje: ExportToCSV: Tabla 'dbo.ResultadosEquiposTrimestral' exportada a csv con 1620 filas
Detalles: 

INFO - 21/02/2025 01:04:34 p. m.
Mensaje:  ===========================================
Detalles: 

INFO - 21/02/2025 01:04:34 p. m.
Mensaje:  =========================================== 
 dbo.EquiposIntegrantesMensual
 =========================================== 
Detalles: Procesando la tabla

INFO - 21/02/2025 01:04:36 p. m.
Mensaje: Exportando tabla
Detalles: Exportacion de Informacion

INFO - 21/02/2025 01:04:36 p. m.
Mensaje: ExportToCSV: Tabla 'dbo.EquiposIntegrantesMensual' exportada a csv con 2420 filas
Detalles: 

INFO - 21/02/2025 01:04:36 p. m.
Mensaje:  ===========================================
Detalles: 

INFO - 21/02/2025 01:04:36 p. m.
Mensaje:  =========================================== 
 Heineken.IncidenciasAusentismos
 =========================================== 
Detalles: Procesando la tabla

INFO - 21/02/2025 01:04:47 p. m.
Mensaje: Exportando tabla
Detalles: Exportacion de Informacion

INFO - 21/02/2025 01:04:54 p. m.
Mensaje: ExportToCSV: Tabla 'Heineken.IncidenciasAusentismos' exportada a csv con 83823 filas
Detalles: 

INFO - 21/02/2025 01:04:54 p. m.
Mensaje:  ===========================================
Detalles: 

INFO - 21/02/2025 01:28:44 p. m.
Mensaje: 
Detalles: 

INFO - 21/02/2025 01:28:44 p. m.
Mensaje: 
Detalles: 

INFO - 21/02/2025 01:28:44 p. m.
Mensaje: 
Detalles: 

INFO - 21/02/2025 01:28:44 p. m.
Mensaje: Fecha Termino:  21/02/2025 01:28:44 p. m.
Detalles: Proceso Terminado

INFO - 21/02/2025 01:28:44 p. m.
Mensaje: Inicia Proceso de Exportacion!
Detalles: Exportar Data

