INFO - 14/10/2024 10:49:28 a. m.
Mensaje: Inicia Proceso de Exportacion!
Detalles: Exportar archivos

INFO - 14/10/2024 10:49:29 a. m.
Mensaje: == Prueba de conexion BD Exitosa == 
Detalles: Se conecto a SQL de manera correcta

INFO - 14/10/2024 10:49:29 a. m.
Mensaje:  =========================================== 
Funciones
 =========================================== 
Detalles: Procesando la tabla

INFO - 14/10/2024 10:49:29 a. m.
Mensaje: Exportando tabla a Excel
Detalles: Exportacion de Informacion a Excel

INFO - 14/10/2024 10:51:37 a. m.
Mensaje: ExportToExcel: Tabla 'Funciones' exportada a Excel con 151 filas
Detalles: 

INFO - 14/10/2024 10:51:51 a. m.
Mensaje:  ===========================================
Detalles: 

INFO - 14/10/2024 10:51:51 a. m.
Mensaje: Fecha Termino:  14/10/2024 10:51:51 a. m.
Detalles: Proceso Terminado

INFO - 14/10/2024 10:51:51 a. m.
Mensaje: Inicia Proceso de Exportacion!
Detalles: Exportar archivos

INFO - 14/10/2024 10:51:51 a. m.
Mensaje: == Prueba de conexion BD Exitosa == 
Detalles: Se conecto a SQL de manera correcta

INFO - 14/10/2024 10:51:51 a. m.
Mensaje:  =========================================== 
Funciones
 =========================================== 
Detalles: Procesando la tabla

INFO - 14/10/2024 10:51:51 a. m.
Mensaje: Exportando tabla a Excel
Detalles: Exportacion de Informacion a Excel

INFO - 14/10/2024 10:51:59 a. m.
Mensaje: ExportToExcel: Tabla 'Funciones' exportada a Excel con 151 filas
Detalles: 

INFO - 14/10/2024 10:52:18 a. m.
Mensaje:  ===========================================
Detalles: 

INFO - 14/10/2024 10:52:18 a. m.
Mensaje: Fecha Termino:  14/10/2024 10:52:18 a. m.
Detalles: Proceso Terminado

