INFO - 19/02/2025 12:54:14 p. m.
Mensaje: Inicia Proceso de Exportacion!
Detalles: Exportar archivos

INFO - 19/02/2025 12:54:15 p. m.
Mensaje: == Prueba de conexion BD Exitosa == 
Detalles: Se conecto a SQL de manera correcta

INFO - 19/02/2025 12:54:15 p. m.
Mensaje: Limpieza del directorio C:\Destino exitosa
Detalles: 

INFO - 19/02/2025 12:54:15 p. m.
Mensaje:  =========================================== 
Heineken.SalarioNomina
 =========================================== 
Detalles: Procesando la tabla

INFO - 19/02/2025 12:54:42 p. m.
Mensaje: Exportando tabla
Detalles: Exportacion de Informacion

INFO - 19/02/2025 12:56:27 p. m.
Mensaje: ExportToCSV: Error - La tabla 'Heineken.SalarioNomina'.
The parameter is incorrect. : 'C:\Destino\Heineken.SalarioNomina.csv'
Detalles:    at System.IO.Enumeration.FileSystemEnumerator`1.FindNextEntry()
   at System.IO.Enumeration.FileSystemEnumerator`1.MoveNext()
   at System.Collections.Generic.List`1..ctor(IEnumerable`1 collection)
   at System.IO.Directory.GetFiles(String path, String searchPattern, EnumerationOptions enumerationOptions)
   at ModelosExportacion.Funciones.ExportCSV(DataTable tabla, String NombreTabla, String RutaDestino) in C:\Users\PARAMF01\Desktop\Migracion\Repo\ModelosExportacion\Funciones.cs:line 78

INFO - 19/02/2025 12:56:36 p. m.
Mensaje:  ===========================================
Detalles: 

INFO - 19/02/2025 12:56:47 p. m.
Mensaje:  =========================================== 
 Heineken.Empleados
 =========================================== 
Detalles: Procesando la tabla

INFO - 19/02/2025 12:59:29 p. m.
Mensaje: Exportando tabla
Detalles: Exportacion de Informacion

