INFO - 31/01/2025 07:13:12 p. m.
Mensaje: Inicia Proceso de Exportacion!
Detalles: Exportar archivos

INFO - 31/01/2025 07:13:12 p. m.
Mensaje: == Prueba de conexion BD Exitosa == 
Detalles: Se conecto a SQL de manera correcta

ERROR - 31/01/2025 07:13:12 p. m.
Mensaje: Error limpieza directorio
Detalles: Error al hacer la limpieza del directorio C:\Destino
The process cannot access the file 'C:\Destino\Heineken.SalarioNomina.csv' because it is being used by another process.

INFO - 31/01/2025 07:13:12 p. m.
Mensaje: Fecha Termino:  31/01/2025 07:13:12 p. m.
Detalles: Proceso Terminado

INFO - 31/01/2025 07:13:31 p. m.
Mensaje: Inicia Proceso de Exportacion!
Detalles: Exportar archivos

INFO - 31/01/2025 07:13:32 p. m.
Mensaje: == Prueba de conexion BD Exitosa == 
Detalles: Se conecto a SQL de manera correcta

INFO - 31/01/2025 07:13:32 p. m.
Mensaje: Limpieza del directorio C:\Destino exitosa
Detalles: 

INFO - 31/01/2025 07:13:32 p. m.
Mensaje:  =========================================== 
Heineken.SalarioNomina
 =========================================== 
Detalles: Procesando la tabla

INFO - 31/01/2025 07:15:24 p. m.
Mensaje: Exportando tabla
Detalles: Exportacion de Informacion

INFO - 31/01/2025 07:15:29 p. m.
Mensaje: ExportToCSV: Tabla 'Heineken.SalarioNomina' exportada a csv con 180339 filas
Detalles: 

INFO - 31/01/2025 07:15:29 p. m.
Mensaje:  ===========================================
Detalles: 

INFO - 31/01/2025 07:15:33 p. m.
Mensaje: 
Detalles: 

INFO - 31/01/2025 07:15:33 p. m.
Mensaje: Fecha Termino:  31/01/2025 07:15:33 p. m.
Detalles: Proceso Terminado

