INFO - 31/01/2025 04:56:54 p. m.
Mensaje: Inicia Proceso de Exportacion!
Detalles: Exportar archivos

INFO - 31/01/2025 04:56:55 p. m.
Mensaje: == Prueba de conexion BD Exitosa == 
Detalles: Se conecto a SQL de manera correcta

INFO - 31/01/2025 04:56:55 p. m.
Mensaje: Limpieza del directorio C:\Destino exitosa
Detalles: 

INFO - 31/01/2025 04:56:55 p. m.
Mensaje:  =========================================== 
Heineken.SalarioNomina
 =========================================== 
Detalles: Procesando la tabla

INFO - 31/01/2025 04:59:10 p. m.
Mensaje: Exportando tabla
Detalles: Exportacion de Informacion

INFO - 31/01/2025 04:59:42 p. m.
Mensaje: ExportToCSV: Tabla 'Heineken.SalarioNomina' exportada a csv con 180339 filas
Detalles: 

INFO - 31/01/2025 04:59:42 p. m.
Mensaje:  ===========================================
Detalles: 

INFO - 31/01/2025 04:59:49 p. m.
Mensaje: 
Detalles: 

INFO - 31/01/2025 04:59:49 p. m.
Mensaje: Fecha Termino:  31/01/2025 04:59:49 p. m.
Detalles: Proceso Terminado

