INFO - 15/10/2024 10:17:03 a. m.
Mensaje: Inicia Proceso de Exportacion!
Detalles: Exportar archivos

INFO - 15/10/2024 10:17:04 a. m.
Mensaje: == Prueba de conexion BD Exitosa == 
Detalles: Se conecto a SQL de manera correcta

INFO - 15/10/2024 10:17:04 a. m.
Mensaje:  =========================================== 
DivisionesPersonal
 =========================================== 
Detalles: Procesando la tabla

INFO - 15/10/2024 10:17:04 a. m.
Mensaje: Exportando tabla
Detalles: Exportacion de Informacion

INFO - 15/10/2024 10:17:27 a. m.
Mensaje: ExportToCSV: Tabla 'DivisionesPersonal' exportada a csv con 12 filas
Detalles: 

INFO - 15/10/2024 10:18:47 a. m.
Mensaje:  ===========================================
Detalles: 

INFO - 15/10/2024 10:18:47 a. m.
Mensaje: Fecha Termino:  15/10/2024 10:18:47 a. m.
Detalles: Proceso Terminado

