INFO - 30/01/2025 03:04:00 p. m.
Mensaje: Inicia Proceso de Exportacion!
Detalles: Exportar archivos

INFO - 30/01/2025 03:04:01 p. m.
Mensaje: == Prueba de conexion BD Exitosa == 
Detalles: Se conecto a SQL de manera correcta

INFO - 30/01/2025 03:04:01 p. m.
Mensaje: Limpieza del directorio C:\Destino exitosa
Detalles: 

INFO - 30/01/2025 03:04:01 p. m.
Mensaje:  =========================================== 
Heineken.SalarioNomina
 =========================================== 
Detalles: Procesando la tabla

INFO - 30/01/2025 03:05:15 p. m.
Mensaje: Exportando tabla
Detalles: Exportacion de Informacion

INFO - 30/01/2025 03:05:28 p. m.
Mensaje: ExportToCSV: Tabla 'Heineken.SalarioNomina' exportada a csv con 180339 filas
Detalles: 

INFO - 30/01/2025 03:05:28 p. m.
Mensaje:  ===========================================
Detalles: 

INFO - 30/01/2025 03:05:28 p. m.
Mensaje:  =========================================== 
 dbo.ResultadosJefesEmpleadosEquiposMensual
 =========================================== 
Detalles: Procesando la tabla

INFO - 30/01/2025 03:05:28 p. m.
Mensaje: Exportando tabla
Detalles: Exportacion de Informacion

INFO - 30/01/2025 03:05:39 p. m.
Mensaje: ExportToCSV: Tabla 'dbo.ResultadosJefesEmpleadosEquiposMensual' exportada a csv con 2673 filas
Detalles: 

INFO - 30/01/2025 03:05:39 p. m.
Mensaje:  ===========================================
Detalles: 

INFO - 30/01/2025 03:05:47 p. m.
Mensaje: 
Detalles: 

INFO - 30/01/2025 03:05:47 p. m.
Mensaje: Fecha Termino:  30/01/2025 03:05:47 p. m.
Detalles: Proceso Terminado

