INFO - 22/01/2025 02:47:25 p. m.
Mensaje: Inicia Proceso de Exportacion!
Detalles: Exportar archivos

INFO - 22/01/2025 02:47:26 p. m.
Mensaje: == Prueba de conexion BD Exitosa == 
Detalles: Se conecto a SQL de manera correcta

INFO - 22/01/2025 02:47:26 p. m.
Mensaje: Limpieza del directorio C:\Destino exitosa
Detalles: 

INFO - 22/01/2025 02:47:26 p. m.
Mensaje:  =========================================== 
Heineken.AreasPersonal
 =========================================== 
Detalles: Procesando la tabla

INFO - 22/01/2025 02:47:26 p. m.
Mensaje: Exportando tabla
Detalles: Exportacion de Informacion

INFO - 22/01/2025 02:47:26 p. m.
Mensaje: ExportToCSV: Tabla 'Heineken.AreasPersonal' exportada a csv con 357 filas
Detalles: 

INFO - 22/01/2025 02:47:26 p. m.
Mensaje:  ===========================================
Detalles: 

INFO - 22/01/2025 02:47:26 p. m.
Mensaje:  =========================================== 
Heineken.AbsentismosNomina
 =========================================== 
Detalles: Procesando la tabla

INFO - 22/01/2025 02:47:41 p. m.
Mensaje: Exportando tabla
Detalles: Exportacion de Informacion

INFO - 22/01/2025 02:47:42 p. m.
Mensaje: ExportToCSV: Tabla 'Heineken.AbsentismosNomina' exportada a csv con 83825 filas
Detalles: 

INFO - 22/01/2025 02:47:42 p. m.
Mensaje:  ===========================================
Detalles: 

INFO - 22/01/2025 02:47:42 p. m.
Mensaje:  =========================================== 
Heineken.vw_CatalogoGlobal
 =========================================== 
Detalles: Procesando la tabla

INFO - 22/01/2025 02:47:43 p. m.
Mensaje: Exportando tabla
Detalles: Exportacion de Informacion

INFO - 22/01/2025 02:47:43 p. m.
Mensaje: ExportToCSV: Tabla 'Heineken.vw_CatalogoGlobal' exportada a csv con 925 filas
Detalles: 

INFO - 22/01/2025 02:47:43 p. m.
Mensaje:  ===========================================
Detalles: 

INFO - 22/01/2025 02:47:43 p. m.
Mensaje:  =========================================== 
dbo.DatosReales_K
 =========================================== 
Detalles: Procesando la tabla

INFO - 22/01/2025 02:47:45 p. m.
Mensaje: Exportando tabla
Detalles: Exportacion de Informacion

INFO - 22/01/2025 02:47:46 p. m.
Mensaje: ExportToCSV: Tabla 'dbo.DatosReales_K' exportada a csv con 44050 filas
Detalles: 

INFO - 22/01/2025 02:47:46 p. m.
Mensaje:  ===========================================
Detalles: 

INFO - 22/01/2025 02:47:46 p. m.
Mensaje:  =========================================== 
dbo.DatosMetas_K
 =========================================== 
Detalles: Procesando la tabla

INFO - 22/01/2025 02:47:48 p. m.
Mensaje: Exportando tabla
Detalles: Exportacion de Informacion

INFO - 22/01/2025 02:47:48 p. m.
Mensaje: ExportToCSV: Tabla 'dbo.DatosMetas_K' exportada a csv con 44050 filas
Detalles: 

INFO - 22/01/2025 02:47:48 p. m.
Mensaje:  ===========================================
Detalles: 

INFO - 22/01/2025 02:47:48 p. m.
Mensaje:  =========================================== 
Heineken.CentrosCosto
 =========================================== 
Detalles: Procesando la tabla

INFO - 22/01/2025 02:47:51 p. m.
Mensaje: Exportando tabla
Detalles: Exportacion de Informacion

INFO - 22/01/2025 02:47:51 p. m.
Mensaje: ExportToCSV: Tabla 'Heineken.CentrosCosto' exportada a csv con 15172 filas
Detalles: 

INFO - 22/01/2025 02:47:51 p. m.
Mensaje:  ===========================================
Detalles: 

INFO - 22/01/2025 02:47:51 p. m.
Mensaje:  =========================================== 
Heineken.UnidadesOrganizativas
 =========================================== 
Detalles: Procesando la tabla

INFO - 22/01/2025 02:47:53 p. m.
Mensaje: Exportando tabla
Detalles: Exportacion de Informacion

INFO - 22/01/2025 02:47:53 p. m.
Mensaje: ExportToCSV: Tabla 'Heineken.UnidadesOrganizativas' exportada a csv con 5249 filas
Detalles: 

INFO - 22/01/2025 02:47:53 p. m.
Mensaje:  ===========================================
Detalles: 

INFO - 22/01/2025 02:47:53 p. m.
Mensaje:  =========================================== 
Heineken.Posiciones
 =========================================== 
Detalles: Procesando la tabla

INFO - 22/01/2025 02:48:01 p. m.
Mensaje: Exportando tabla
Detalles: Exportacion de Informacion

INFO - 22/01/2025 02:48:02 p. m.
Mensaje: ExportToCSV: Tabla 'Heineken.Posiciones' exportada a csv con 49503 filas
Detalles: 

INFO - 22/01/2025 02:48:02 p. m.
Mensaje:  ===========================================
Detalles: 

INFO - 22/01/2025 02:48:02 p. m.
Mensaje:  =========================================== 
Heineken.ClasesMedida
 =========================================== 
Detalles: Procesando la tabla

INFO - 22/01/2025 02:48:02 p. m.
Mensaje: Exportando tabla
Detalles: Exportacion de Informacion

INFO - 22/01/2025 02:48:02 p. m.
Mensaje: ExportToCSV: Tabla 'Heineken.ClasesMedida' exportada a csv con 182 filas
Detalles: 

INFO - 22/01/2025 02:48:02 p. m.
Mensaje:  ===========================================
Detalles: 

INFO - 22/01/2025 02:48:02 p. m.
Mensaje:  =========================================== 
Heineken.Funciones
 =========================================== 
Detalles: Procesando la tabla

INFO - 22/01/2025 02:48:02 p. m.
Mensaje: Exportando tabla
Detalles: Exportacion de Informacion

INFO - 22/01/2025 02:48:02 p. m.
Mensaje: ExportToCSV: Tabla 'Heineken.Funciones' exportada a csv con 151 filas
Detalles: 

INFO - 22/01/2025 02:52:27 p. m.
Mensaje:  ===========================================
Detalles: 

INFO - 22/01/2025 02:52:27 p. m.
Mensaje:  =========================================== 
Heineken.MotivosMedida
 =========================================== 
Detalles: Procesando la tabla

INFO - 22/01/2025 02:52:27 p. m.
Mensaje: Exportando tabla
Detalles: Exportacion de Informacion

INFO - 22/01/2025 02:52:27 p. m.
Mensaje: ExportToCSV: Tabla 'Heineken.MotivosMedida' exportada a csv con 235 filas
Detalles: 

INFO - 22/01/2025 02:52:27 p. m.
Mensaje:  ===========================================
Detalles: 

INFO - 22/01/2025 02:52:27 p. m.
Mensaje:  =========================================== 
Heineken.DivisionesPersonal
 =========================================== 
Detalles: Procesando la tabla

INFO - 22/01/2025 02:52:27 p. m.
Mensaje: Exportando tabla
Detalles: Exportacion de Informacion

INFO - 22/01/2025 02:52:27 p. m.
Mensaje: ExportToCSV: Tabla 'Heineken.DivisionesPersonal' exportada a csv con 12 filas
Detalles: 

INFO - 22/01/2025 02:52:28 p. m.
Mensaje:  ===========================================
Detalles: 

INFO - 22/01/2025 02:52:28 p. m.
Mensaje:  =========================================== 
Heineken.Sociedades
 =========================================== 
Detalles: Procesando la tabla

INFO - 22/01/2025 02:52:28 p. m.
Mensaje: Exportando tabla
Detalles: Exportacion de Informacion

INFO - 22/01/2025 02:52:28 p. m.
Mensaje: ExportToCSV: Tabla 'Heineken.Sociedades' exportada a csv con 12 filas
Detalles: 

INFO - 22/01/2025 02:52:28 p. m.
Mensaje:  ===========================================
Detalles: 

INFO - 22/01/2025 02:52:28 p. m.
Mensaje:  =========================================== 
Heineken.SubdivisionesPersonal
 =========================================== 
Detalles: Procesando la tabla

INFO - 22/01/2025 02:52:28 p. m.
Mensaje: Exportando tabla
Detalles: Exportacion de Informacion

INFO - 22/01/2025 02:52:28 p. m.
Mensaje: ExportToCSV: Tabla 'Heineken.SubdivisionesPersonal' exportada a csv con 848 filas
Detalles: 

INFO - 22/01/2025 02:52:28 p. m.
Mensaje:  ===========================================
Detalles: 

INFO - 22/01/2025 02:52:28 p. m.
Mensaje:  =========================================== 
dbo.EquiposIntegrantesTrimestral
 =========================================== 
Detalles: Procesando la tabla

INFO - 22/01/2025 02:52:28 p. m.
Mensaje: Exportando tabla
Detalles: Exportacion de Informacion

INFO - 22/01/2025 02:52:28 p. m.
Mensaje: ExportToCSV: Tabla 'dbo.EquiposIntegrantesTrimestral' exportada a csv con 2302 filas
Detalles: 

INFO - 22/01/2025 02:52:28 p. m.
Mensaje:  ===========================================
Detalles: 

INFO - 22/01/2025 02:52:29 p. m.
Mensaje:  =========================================== 
dbo.ResultadosJefesEmpleadosEquiposMensual
 =========================================== 
Detalles: Procesando la tabla

INFO - 22/01/2025 02:52:29 p. m.
Mensaje: Exportando tabla
Detalles: Exportacion de Informacion

INFO - 22/01/2025 02:52:29 p. m.
Mensaje: ExportToCSV: Tabla 'dbo.ResultadosJefesEmpleadosEquiposMensual' exportada a csv con 2673 filas
Detalles: 

INFO - 22/01/2025 02:52:29 p. m.
Mensaje:  ===========================================
Detalles: 

INFO - 22/01/2025 02:52:29 p. m.
Mensaje:  =========================================== 
dbo.ResultadosJefesEmpleadosAnual
 =========================================== 
Detalles: Procesando la tabla

INFO - 22/01/2025 02:52:29 p. m.
Mensaje: Exportando tabla
Detalles: Exportacion de Informacion

INFO - 22/01/2025 02:52:29 p. m.
Mensaje: ExportToCSV: Tabla 'dbo.ResultadosJefesEmpleadosAnual' exportada a csv con 3543 filas
Detalles: 

INFO - 22/01/2025 02:52:29 p. m.
Mensaje:  ===========================================
Detalles: 

INFO - 22/01/2025 02:52:29 p. m.
Mensaje:  =========================================== 
dbo.ResultadosEquiposTrimestral
 =========================================== 
Detalles: Procesando la tabla

INFO - 22/01/2025 02:52:30 p. m.
Mensaje: Exportando tabla
Detalles: Exportacion de Informacion

INFO - 22/01/2025 02:52:30 p. m.
Mensaje: ExportToCSV: Tabla 'dbo.ResultadosEquiposTrimestral' exportada a csv con 1620 filas
Detalles: 

INFO - 22/01/2025 02:52:30 p. m.
Mensaje:  ===========================================
Detalles: 

INFO - 22/01/2025 02:52:30 p. m.
Mensaje:  =========================================== 
dbo.EquiposIntegrantesMensual
 =========================================== 
Detalles: Procesando la tabla

INFO - 22/01/2025 02:52:30 p. m.
Mensaje: Exportando tabla
Detalles: Exportacion de Informacion

INFO - 22/01/2025 02:52:30 p. m.
Mensaje: ExportToCSV: Tabla 'dbo.EquiposIntegrantesMensual' exportada a csv con 2420 filas
Detalles: 

INFO - 22/01/2025 02:52:30 p. m.
Mensaje:  ===========================================
Detalles: 

INFO - 22/01/2025 02:52:30 p. m.
Mensaje:  =========================================== 
Heineken.IncidenciasAusentismos
 =========================================== 
Detalles: Procesando la tabla

INFO - 22/01/2025 02:54:05 p. m.
Mensaje: Exportando tabla
Detalles: Exportacion de Informacion

INFO - 22/01/2025 02:54:06 p. m.
Mensaje: ExportToCSV: Tabla 'Heineken.IncidenciasAusentismos' exportada a csv con 83823 filas
Detalles: 

INFO - 22/01/2025 02:54:06 p. m.
Mensaje:  ===========================================
Detalles: 

INFO - 22/01/2025 03:01:07 p. m.
Mensaje: 
Detalles: 

INFO - 22/01/2025 03:01:07 p. m.
Mensaje: Fecha Termino:  22/01/2025 03:01:07 p. m.
Detalles: Proceso Terminado

