INFO - 14/10/2024 12:13:58 a. m.
Mensaje: Inicia Proceso de Exportacion!
Detalles: Exportar archivos

INFO - 14/10/2024 12:13:59 a. m.
Mensaje: == Prueba de conexion BD Exitosa == 
Detalles: Se conecto a SQL de manera correcta

INFO - 14/10/2024 12:13:59 a. m.
Mensaje:  =========================================== 
DivisionesPersonal
 =========================================== 
Detalles: Procesando la tabla

INFO - 14/10/2024 12:13:59 a. m.
Mensaje: Exportando tabla a Excel
Detalles: Exportacion de Informacion a Excel

INFO - 14/10/2024 12:14:02 a. m.
Mensaje: ExportToExcel: Tabla 'DivisionesPersonal' exportada a Excel con 12 filas
Detalles: 

INFO - 14/10/2024 12:14:10 a. m.
Mensaje:  ===========================================
Detalles: 

INFO - 14/10/2024 12:14:10 a. m.
Mensaje: Fecha Termino:  14/10/2024 12:14:10 a. m.
Detalles: Proceso Terminado

INFO - 14/10/2024 12:14:54 a. m.
Mensaje: Inicia Proceso de Exportacion!
Detalles: Exportar archivos

INFO - 14/10/2024 12:14:54 a. m.
Mensaje: == Prueba de conexion BD Exitosa == 
Detalles: Se conecto a SQL de manera correcta

INFO - 14/10/2024 12:14:54 a. m.
Mensaje:  =========================================== 
DivisionesPersonal
 =========================================== 
Detalles: Procesando la tabla

INFO - 14/10/2024 12:14:54 a. m.
Mensaje: Exportando tabla a Excel
Detalles: Exportacion de Informacion a Excel

INFO - 14/10/2024 12:14:55 a. m.
Mensaje: ExportToExcel: Tabla 'DivisionesPersonal' exportada a Excel con 12 filas
Detalles: 

INFO - 14/10/2024 12:15:03 a. m.
Mensaje:  ===========================================
Detalles: 

INFO - 14/10/2024 12:15:03 a. m.
Mensaje: Fecha Termino:  14/10/2024 12:15:03 a. m.
Detalles: Proceso Terminado

INFO - 14/10/2024 12:15:05 a. m.
Mensaje: Inicia Proceso de Exportacion!
Detalles: Exportar archivos

INFO - 14/10/2024 12:15:05 a. m.
Mensaje: == Prueba de conexion BD Exitosa == 
Detalles: Se conecto a SQL de manera correcta

INFO - 14/10/2024 12:15:05 a. m.
Mensaje:  =========================================== 
DivisionesPersonal
 =========================================== 
Detalles: Procesando la tabla

INFO - 14/10/2024 12:15:05 a. m.
Mensaje: Exportando tabla a Excel
Detalles: Exportacion de Informacion a Excel

INFO - 14/10/2024 12:15:05 a. m.
Mensaje: ExportToExcel: Tabla 'DivisionesPersonal' exportada a Excel con 12 filas
Detalles: 

INFO - 14/10/2024 12:15:16 a. m.
Mensaje:  ===========================================
Detalles: 

INFO - 14/10/2024 12:15:16 a. m.
Mensaje: Fecha Termino:  14/10/2024 12:15:16 a. m.
Detalles: Proceso Terminado

INFO - 14/10/2024 12:15:20 a. m.
Mensaje: Inicia Proceso de Exportacion!
Detalles: Exportar archivos

INFO - 14/10/2024 12:15:20 a. m.
Mensaje: == Prueba de conexion BD Exitosa == 
Detalles: Se conecto a SQL de manera correcta

INFO - 14/10/2024 12:15:20 a. m.
Mensaje:  =========================================== 
DivisionesPersonal
 =========================================== 
Detalles: Procesando la tabla

INFO - 14/10/2024 12:15:20 a. m.
Mensaje: Exportando tabla a Excel
Detalles: Exportacion de Informacion a Excel

INFO - 14/10/2024 12:15:21 a. m.
Mensaje: ExportToExcel: Tabla 'DivisionesPersonal' exportada a Excel con 12 filas
Detalles: 

INFO - 14/10/2024 12:15:27 a. m.
Mensaje:  ===========================================
Detalles: 

INFO - 14/10/2024 12:15:27 a. m.
Mensaje: Fecha Termino:  14/10/2024 12:15:27 a. m.
Detalles: Proceso Terminado

INFO - 14/10/2024 12:15:28 a. m.
Mensaje: Inicia Proceso de Exportacion!
Detalles: Exportar archivos

INFO - 14/10/2024 12:15:28 a. m.
Mensaje: == Prueba de conexion BD Exitosa == 
Detalles: Se conecto a SQL de manera correcta

INFO - 14/10/2024 12:15:28 a. m.
Mensaje:  =========================================== 
DivisionesPersonal
 =========================================== 
Detalles: Procesando la tabla

INFO - 14/10/2024 12:15:28 a. m.
Mensaje: Exportando tabla a Excel
Detalles: Exportacion de Informacion a Excel

INFO - 14/10/2024 12:15:28 a. m.
Mensaje: ExportToExcel: Tabla 'DivisionesPersonal' exportada a Excel con 12 filas
Detalles: 

INFO - 14/10/2024 12:15:41 a. m.
Mensaje:  ===========================================
Detalles: 

INFO - 14/10/2024 12:15:41 a. m.
Mensaje: Fecha Termino:  14/10/2024 12:15:41 a. m.
Detalles: Proceso Terminado

INFO - 14/10/2024 12:15:41 a. m.
Mensaje: Inicia Proceso de Exportacion!
Detalles: Exportar archivos

INFO - 14/10/2024 12:15:41 a. m.
Mensaje: == Prueba de conexion BD Exitosa == 
Detalles: Se conecto a SQL de manera correcta

INFO - 14/10/2024 12:15:41 a. m.
Mensaje:  =========================================== 
DivisionesPersonal
 =========================================== 
Detalles: Procesando la tabla

INFO - 14/10/2024 12:15:41 a. m.
Mensaje: Exportando tabla a Excel
Detalles: Exportacion de Informacion a Excel

INFO - 14/10/2024 12:15:42 a. m.
Mensaje: ExportToExcel: Tabla 'DivisionesPersonal' exportada a Excel con 12 filas
Detalles: 

INFO - 14/10/2024 12:15:49 a. m.
Mensaje:  ===========================================
Detalles: 

INFO - 14/10/2024 12:15:49 a. m.
Mensaje: Fecha Termino:  14/10/2024 12:15:49 a. m.
Detalles: Proceso Terminado

INFO - 14/10/2024 12:15:49 a. m.
Mensaje: Inicia Proceso de Exportacion!
Detalles: Exportar archivos

INFO - 14/10/2024 12:15:49 a. m.
Mensaje: == Prueba de conexion BD Exitosa == 
Detalles: Se conecto a SQL de manera correcta

INFO - 14/10/2024 12:15:49 a. m.
Mensaje:  =========================================== 
DivisionesPersonal
 =========================================== 
Detalles: Procesando la tabla

INFO - 14/10/2024 12:15:49 a. m.
Mensaje: Exportando tabla a Excel
Detalles: Exportacion de Informacion a Excel

INFO - 14/10/2024 12:15:50 a. m.
Mensaje: ExportToExcel: Tabla 'DivisionesPersonal' exportada a Excel con 12 filas
Detalles: 

