INFO - 31/01/2025 01:44:27 p. m.
Mensaje: Inicia Proceso de Exportacion!
Detalles: Exportar archivos

INFO - 31/01/2025 01:44:28 p. m.
Mensaje: == Prueba de conexion BD Exitosa == 
Detalles: Se conecto a SQL de manera correcta

INFO - 31/01/2025 01:44:28 p. m.
Mensaje: Limpieza del directorio C:\Destino exitosa
Detalles: 

INFO - 31/01/2025 01:44:28 p. m.
Mensaje:  =========================================== 
Heineken.SalarioNomina
 =========================================== 
Detalles: Procesando la tabla

INFO - 31/01/2025 01:46:17 p. m.
Mensaje: Exportando tabla
Detalles: Exportacion de Informacion

INFO - 31/01/2025 01:47:11 p. m.
Mensaje: ExportToCSV: Tabla 'Heineken.SalarioNomina' exportada a csv con 180339 filas
Detalles: 

INFO - 31/01/2025 01:47:11 p. m.
Mensaje:  ===========================================
Detalles: 

INFO - 31/01/2025 01:47:15 p. m.
Mensaje: 
Detalles: 

INFO - 31/01/2025 01:47:15 p. m.
Mensaje: Fecha Termino:  31/01/2025 01:47:15 p. m.
Detalles: Proceso Terminado

