INFO - 22/01/2025 03:16:34 p. m.
Mensaje: Inicia Proceso de Exportacion!
Detalles: Exportar archivos

INFO - 22/01/2025 03:16:35 p. m.
Mensaje: == Prueba de conexion BD Exitosa == 
Detalles: Se conecto a SQL de manera correcta

INFO - 22/01/2025 03:16:35 p. m.
Mensaje: Limpieza del directorio C:\Destino exitosa
Detalles: 

INFO - 22/01/2025 03:16:35 p. m.
Mensaje:  =========================================== 
Heineken.MovimientosPersonal
 =========================================== 
Detalles: Procesando la tabla

INFO - 22/01/2025 03:17:49 p. m.
Mensaje: Exportando tabla
Detalles: Exportacion de Informacion

INFO - 22/01/2025 03:17:55 p. m.
Mensaje: ExportToCSV: Tabla 'Heineken.MovimientosPersonal' exportada a csv con 484962 filas
Detalles: 

INFO - 22/01/2025 03:17:55 p. m.
Mensaje:  ===========================================
Detalles: 

INFO - 22/01/2025 03:19:49 p. m.
Mensaje: 
Detalles: 

INFO - 22/01/2025 03:19:49 p. m.
Mensaje: Fecha Termino:  22/01/2025 03:19:49 p. m.
Detalles: Proceso Terminado

