INFO - 05/02/2025 11:38:28 a. m.
Mensaje: Inicia Proceso de Exportacion!
Detalles: Exportar archivos

INFO - 05/02/2025 11:38:28 a. m.
Mensaje: == Prueba de conexion BD Exitosa == 
Detalles: Se conecto a SQL de manera correcta

INFO - 05/02/2025 11:38:28 a. m.
Mensaje: Limpieza del directorio C:\Destino exitosa
Detalles: 

INFO - 05/02/2025 11:38:28 a. m.
Mensaje:  =========================================== 
Heineken.SalarioNomina
 =========================================== 
Detalles: Procesando la tabla

INFO - 05/02/2025 11:39:57 a. m.
Mensaje: Exportando tabla
Detalles: Exportacion de Informacion

INFO - 05/02/2025 11:40:33 a. m.
Mensaje: ExportToCSV: Tabla 'Heineken.SalarioNomina' exportada a csv con 180339 filas
Detalles: 

INFO - 05/02/2025 11:40:33 a. m.
Mensaje:  ===========================================
Detalles: 

INFO - 05/02/2025 11:40:33 a. m.
Mensaje:  =========================================== 
 Heineken.Empleados
 =========================================== 
Detalles: Procesando la tabla

INFO - 05/02/2025 11:43:19 a. m.
Mensaje: Exportando tabla
Detalles: Exportacion de Informacion

INFO - 05/02/2025 11:44:50 a. m.
Mensaje: ExportToCSV: Tabla 'Heineken.Empleados' exportada a csv con 376578 filas
Detalles: 

INFO - 05/02/2025 11:44:50 a. m.
Mensaje:  ===========================================
Detalles: 

INFO - 05/02/2025 11:44:50 a. m.
Mensaje:  =========================================== 
 Heineken.AreasPersonal
 =========================================== 
Detalles: Procesando la tabla

INFO - 05/02/2025 11:44:50 a. m.
Mensaje: Exportando tabla
Detalles: Exportacion de Informacion

INFO - 05/02/2025 11:46:05 a. m.
Mensaje: ExportToCSV: Tabla 'Heineken.AreasPersonal' exportada a csv con 357 filas
Detalles: 

INFO - 05/02/2025 11:46:05 a. m.
Mensaje:  ===========================================
Detalles: 

INFO - 05/02/2025 11:46:05 a. m.
Mensaje:  =========================================== 
 Heineken.AbsentismosNomina
 =========================================== 
Detalles: Procesando la tabla

INFO - 05/02/2025 11:46:08 a. m.
Mensaje: Exportando tabla
Detalles: Exportacion de Informacion

INFO - 05/02/2025 11:47:30 a. m.
Mensaje: ExportToCSV: Tabla 'Heineken.AbsentismosNomina' exportada a csv con 83825 filas
Detalles: 

INFO - 05/02/2025 11:47:30 a. m.
Mensaje:  ===========================================
Detalles: 

INFO - 05/02/2025 11:47:30 a. m.
Mensaje:  =========================================== 
 Heineken.vw_CatalogoGlobal
 =========================================== 
Detalles: Procesando la tabla

INFO - 05/02/2025 11:47:31 a. m.
Mensaje: Exportando tabla
Detalles: Exportacion de Informacion

INFO - 05/02/2025 11:48:51 a. m.
Mensaje: ExportToCSV: Tabla 'Heineken.vw_CatalogoGlobal' exportada a csv con 925 filas
Detalles: 

INFO - 05/02/2025 11:48:51 a. m.
Mensaje:  ===========================================
Detalles: 

INFO - 05/02/2025 11:48:51 a. m.
Mensaje:  =========================================== 
 Heineken.MovimientosPersonal
 =========================================== 
Detalles: Procesando la tabla

INFO - 05/02/2025 11:49:35 a. m.
Mensaje: Exportando tabla
Detalles: Exportacion de Informacion

INFO - 05/02/2025 11:51:23 a. m.
Mensaje: ExportToCSV: Tabla 'Heineken.MovimientosPersonal' exportada a csv con 484962 filas
Detalles: 

INFO - 05/02/2025 11:51:23 a. m.
Mensaje:  ===========================================
Detalles: 

INFO - 05/02/2025 11:51:23 a. m.
Mensaje:  =========================================== 
 Heineken.IncidenciasPresencias
 =========================================== 
Detalles: Procesando la tabla

INFO - 05/02/2025 11:53:03 a. m.
Mensaje: Exportando tabla
Detalles: Exportacion de Informacion

INFO - 05/02/2025 11:55:37 a. m.
Mensaje: ExportToCSV: Tabla 'Heineken.IncidenciasPresencias' exportada a csv con 938765 filas
Detalles: 

INFO - 05/02/2025 11:55:37 a. m.
Mensaje:  ===========================================
Detalles: 

INFO - 05/02/2025 11:55:37 a. m.
Mensaje:  =========================================== 
 dbo.DatosReales_K
 =========================================== 
Detalles: Procesando la tabla

INFO - 05/02/2025 11:55:39 a. m.
Mensaje: Exportando tabla
Detalles: Exportacion de Informacion

INFO - 05/02/2025 11:58:01 a. m.
Mensaje: ExportToCSV: Tabla 'dbo.DatosReales_K' exportada a csv con 44050 filas
Detalles: 

INFO - 05/02/2025 11:58:01 a. m.
Mensaje:  ===========================================
Detalles: 

INFO - 05/02/2025 11:58:01 a. m.
Mensaje:  =========================================== 
 dbo.DatosMetas_K
 =========================================== 
Detalles: Procesando la tabla

INFO - 05/02/2025 11:58:02 a. m.
Mensaje: Exportando tabla
Detalles: Exportacion de Informacion

INFO - 05/02/2025 12:00:26 p. m.
Mensaje: ExportToCSV: Tabla 'dbo.DatosMetas_K' exportada a csv con 44050 filas
Detalles: 

INFO - 05/02/2025 12:00:26 p. m.
Mensaje:  ===========================================
Detalles: 

INFO - 05/02/2025 12:00:26 p. m.
Mensaje:  =========================================== 
 Heineken.CentrosCosto
 =========================================== 
Detalles: Procesando la tabla

INFO - 05/02/2025 12:00:26 p. m.
Mensaje: Exportando tabla
Detalles: Exportacion de Informacion

INFO - 05/02/2025 12:02:52 p. m.
Mensaje: ExportToCSV: Tabla 'Heineken.CentrosCosto' exportada a csv con 15172 filas
Detalles: 

INFO - 05/02/2025 12:02:52 p. m.
Mensaje:  ===========================================
Detalles: 

INFO - 05/02/2025 12:02:52 p. m.
Mensaje:  =========================================== 
 Heineken.UnidadesOrganizativas
 =========================================== 
Detalles: Procesando la tabla

INFO - 05/02/2025 12:02:52 p. m.
Mensaje: Exportando tabla
Detalles: Exportacion de Informacion

INFO - 05/02/2025 12:05:17 p. m.
Mensaje: ExportToCSV: Tabla 'Heineken.UnidadesOrganizativas' exportada a csv con 5249 filas
Detalles: 

INFO - 05/02/2025 12:05:17 p. m.
Mensaje:  ===========================================
Detalles: 

INFO - 05/02/2025 12:05:17 p. m.
Mensaje:  =========================================== 
 Heineken.Posiciones
 =========================================== 
Detalles: Procesando la tabla

INFO - 05/02/2025 12:05:19 p. m.
Mensaje: Exportando tabla
Detalles: Exportacion de Informacion

INFO - 05/02/2025 12:07:45 p. m.
Mensaje: ExportToCSV: Tabla 'Heineken.Posiciones' exportada a csv con 49503 filas
Detalles: 

INFO - 05/02/2025 12:07:45 p. m.
Mensaje:  ===========================================
Detalles: 

INFO - 05/02/2025 12:07:45 p. m.
Mensaje:  =========================================== 
 Heineken.ClasesMedida
 =========================================== 
Detalles: Procesando la tabla

INFO - 05/02/2025 12:07:46 p. m.
Mensaje: Exportando tabla
Detalles: Exportacion de Informacion

INFO - 05/02/2025 12:10:09 p. m.
Mensaje: ExportToCSV: Tabla 'Heineken.ClasesMedida' exportada a csv con 182 filas
Detalles: 

INFO - 05/02/2025 12:10:09 p. m.
Mensaje:  ===========================================
Detalles: 

INFO - 05/02/2025 12:10:09 p. m.
Mensaje:  =========================================== 
 Heineken.Funciones
 =========================================== 
Detalles: Procesando la tabla

INFO - 05/02/2025 12:10:09 p. m.
Mensaje: Exportando tabla
Detalles: Exportacion de Informacion

INFO - 05/02/2025 12:12:32 p. m.
Mensaje: ExportToCSV: Tabla 'Heineken.Funciones' exportada a csv con 151 filas
Detalles: 

INFO - 05/02/2025 12:12:32 p. m.
Mensaje:  ===========================================
Detalles: 

INFO - 05/02/2025 12:12:32 p. m.
Mensaje:  =========================================== 
 Heineken.MotivosMedida
 =========================================== 
Detalles: Procesando la tabla

INFO - 05/02/2025 12:12:32 p. m.
Mensaje: Exportando tabla
Detalles: Exportacion de Informacion

INFO - 05/02/2025 12:14:51 p. m.
Mensaje: ExportToCSV: Tabla 'Heineken.MotivosMedida' exportada a csv con 235 filas
Detalles: 

INFO - 05/02/2025 12:14:51 p. m.
Mensaje:  ===========================================
Detalles: 

INFO - 05/02/2025 12:14:51 p. m.
Mensaje:  =========================================== 
 Heineken.DivisionesPersonal
 =========================================== 
Detalles: Procesando la tabla

INFO - 05/02/2025 12:14:51 p. m.
Mensaje: Exportando tabla
Detalles: Exportacion de Informacion

INFO - 05/02/2025 12:17:07 p. m.
Mensaje: ExportToCSV: Tabla 'Heineken.DivisionesPersonal' exportada a csv con 12 filas
Detalles: 

INFO - 05/02/2025 12:17:07 p. m.
Mensaje:  ===========================================
Detalles: 

INFO - 05/02/2025 12:17:07 p. m.
Mensaje:  =========================================== 
 Heineken.Sociedades
 =========================================== 
Detalles: Procesando la tabla

INFO - 05/02/2025 12:17:08 p. m.
Mensaje: Exportando tabla
Detalles: Exportacion de Informacion

INFO - 05/02/2025 12:19:24 p. m.
Mensaje: ExportToCSV: Tabla 'Heineken.Sociedades' exportada a csv con 12 filas
Detalles: 

INFO - 05/02/2025 12:19:24 p. m.
Mensaje:  ===========================================
Detalles: 

INFO - 05/02/2025 12:19:24 p. m.
Mensaje:  =========================================== 
 Heineken.SubdivisionesPersonal
 =========================================== 
Detalles: Procesando la tabla

INFO - 05/02/2025 12:19:24 p. m.
Mensaje: Exportando tabla
Detalles: Exportacion de Informacion

INFO - 05/02/2025 12:21:41 p. m.
Mensaje: ExportToCSV: Tabla 'Heineken.SubdivisionesPersonal' exportada a csv con 848 filas
Detalles: 

INFO - 05/02/2025 12:21:41 p. m.
Mensaje:  ===========================================
Detalles: 

INFO - 05/02/2025 12:21:41 p. m.
Mensaje:  =========================================== 
 dbo.DatosReales 
 =========================================== 
Detalles: Procesando la tabla

INFO - 05/02/2025 12:21:46 p. m.
Mensaje: Exportando tabla
Detalles: Exportacion de Informacion

INFO - 05/02/2025 12:24:09 p. m.
Mensaje: ExportToCSV: Tabla 'dbo.DatosReales' exportada a csv con 295502 filas
Detalles: 

INFO - 05/02/2025 12:24:09 p. m.
Mensaje:  ===========================================
Detalles: 

INFO - 05/02/2025 12:24:09 p. m.
Mensaje:  =========================================== 
 dbo.DatosMetas 
 =========================================== 
Detalles: Procesando la tabla

INFO - 05/02/2025 12:24:15 p. m.
Mensaje: Exportando tabla
Detalles: Exportacion de Informacion

INFO - 05/02/2025 12:26:46 p. m.
Mensaje: ExportToCSV: Tabla 'dbo.DatosMetas' exportada a csv con 272640 filas
Detalles: 

INFO - 05/02/2025 12:26:46 p. m.
Mensaje:  ===========================================
Detalles: 

INFO - 05/02/2025 12:26:46 p. m.
Mensaje:  =========================================== 
 dbo.EquiposIntegrantesTrimestral
 =========================================== 
Detalles: Procesando la tabla

INFO - 05/02/2025 12:26:49 p. m.
Mensaje: Exportando tabla
Detalles: Exportacion de Informacion

INFO - 05/02/2025 12:29:18 p. m.
Mensaje: ExportToCSV: Tabla 'dbo.EquiposIntegrantesTrimestral' exportada a csv con 2302 filas
Detalles: 

INFO - 05/02/2025 12:29:18 p. m.
Mensaje:  ===========================================
Detalles: 

INFO - 05/02/2025 12:29:18 p. m.
Mensaje:  =========================================== 
 dbo.ResultadosJefesEmpleadosEquiposMensual
 =========================================== 
Detalles: Procesando la tabla

INFO - 05/02/2025 12:29:19 p. m.
Mensaje: Exportando tabla
Detalles: Exportacion de Informacion

INFO - 05/02/2025 12:31:49 p. m.
Mensaje: ExportToCSV: Tabla 'dbo.ResultadosJefesEmpleadosEquiposMensual' exportada a csv con 2673 filas
Detalles: 

INFO - 05/02/2025 12:31:50 p. m.
Mensaje:  ===========================================
Detalles: 

INFO - 05/02/2025 12:31:50 p. m.
Mensaje:  =========================================== 
 dbo.ResultadosJefesEmpleadosAnual
 =========================================== 
Detalles: Procesando la tabla

INFO - 05/02/2025 12:31:50 p. m.
Mensaje: Exportando tabla
Detalles: Exportacion de Informacion

INFO - 05/02/2025 12:34:20 p. m.
Mensaje: ExportToCSV: Tabla 'dbo.ResultadosJefesEmpleadosAnual' exportada a csv con 3543 filas
Detalles: 

INFO - 05/02/2025 12:34:20 p. m.
Mensaje:  ===========================================
Detalles: 

INFO - 05/02/2025 12:34:21 p. m.
Mensaje:  =========================================== 
 dbo.ResultadosEquiposTrimestral
 =========================================== 
Detalles: Procesando la tabla

INFO - 05/02/2025 12:34:21 p. m.
Mensaje: Exportando tabla
Detalles: Exportacion de Informacion

INFO - 05/02/2025 12:36:58 p. m.
Mensaje: ExportToCSV: Tabla 'dbo.ResultadosEquiposTrimestral' exportada a csv con 1620 filas
Detalles: 

INFO - 05/02/2025 12:36:58 p. m.
Mensaje:  ===========================================
Detalles: 

INFO - 05/02/2025 12:36:58 p. m.
Mensaje:  =========================================== 
 dbo.EquiposIntegrantesMensual
 =========================================== 
Detalles: Procesando la tabla

INFO - 05/02/2025 12:36:59 p. m.
Mensaje: Exportando tabla
Detalles: Exportacion de Informacion

INFO - 05/02/2025 12:39:35 p. m.
Mensaje: ExportToCSV: Tabla 'dbo.EquiposIntegrantesMensual' exportada a csv con 2420 filas
Detalles: 

INFO - 05/02/2025 12:39:35 p. m.
Mensaje:  ===========================================
Detalles: 

INFO - 05/02/2025 12:39:35 p. m.
Mensaje:  =========================================== 
 Heineken.IncidenciasAusentismos
 =========================================== 
Detalles: Procesando la tabla

INFO - 05/02/2025 12:39:40 p. m.
Mensaje: Exportando tabla
Detalles: Exportacion de Informacion

INFO - 05/02/2025 12:42:20 p. m.
Mensaje: ExportToCSV: Tabla 'Heineken.IncidenciasAusentismos' exportada a csv con 83823 filas
Detalles: 

INFO - 05/02/2025 12:42:20 p. m.
Mensaje:  ===========================================
Detalles: 

INFO - 05/02/2025 01:11:28 p. m.
Mensaje: 
Detalles: 

INFO - 05/02/2025 01:11:28 p. m.
Mensaje: 
Detalles: 

INFO - 05/02/2025 01:11:28 p. m.
Mensaje: 
Detalles: 

INFO - 05/02/2025 01:11:28 p. m.
Mensaje: Fecha Termino:  05/02/2025 01:11:28 p. m.
Detalles: Proceso Terminado

